[100%] Built target imu
[100%] Built target odometry
-- Install configuration: ""
-- Up-to-date: /home/jshipley/Documents/ros2_ws/src/ece3730/install/week1/lib/week1/imu
-- Up-to-date: /home/jshipley/Documents/ros2_ws/src/ece3730/install/week1/lib/week1/odometry
-- Up-to-date: /home/jshipley/Documents/ros2_ws/src/ece3730/install/week1/share/ament_index/resource_index/package_run_dependencies/week1
-- Up-to-date: /home/jshipley/Documents/ros2_ws/src/ece3730/install/week1/share/ament_index/resource_index/parent_prefix_path/week1
-- Up-to-date: /home/jshipley/Documents/ros2_ws/src/ece3730/install/week1/share/week1/environment/ament_prefix_path.sh
-- Up-to-date: /home/jshipley/Documents/ros2_ws/src/ece3730/install/week1/share/week1/environment/ament_prefix_path.dsv
-- Up-to-date: /home/jshipley/Documents/ros2_ws/src/ece3730/install/week1/share/week1/environment/path.sh
-- Up-to-date: /home/jshipley/Documents/ros2_ws/src/ece3730/install/week1/share/week1/environment/path.dsv
-- Up-to-date: /home/jshipley/Documents/ros2_ws/src/ece3730/install/week1/share/week1/local_setup.bash
-- Up-to-date: /home/jshipley/Documents/ros2_ws/src/ece3730/install/week1/share/week1/local_setup.sh
-- Up-to-date: /home/jshipley/Documents/ros2_ws/src/ece3730/install/week1/share/week1/local_setup.zsh
-- Up-to-date: /home/jshipley/Documents/ros2_ws/src/ece3730/install/week1/share/week1/local_setup.dsv
-- Up-to-date: /home/jshipley/Documents/ros2_ws/src/ece3730/install/week1/share/week1/package.dsv
-- Up-to-date: /home/jshipley/Documents/ros2_ws/src/ece3730/install/week1/share/ament_index/resource_index/packages/week1
-- Up-to-date: /home/jshipley/Documents/ros2_ws/src/ece3730/install/week1/share/week1/cmake/week1Config.cmake
-- Up-to-date: /home/jshipley/Documents/ros2_ws/src/ece3730/install/week1/share/week1/cmake/week1Config-version.cmake
-- Up-to-date: /home/jshipley/Documents/ros2_ws/src/ece3730/install/week1/share/week1/package.xml
