[0.008s] Invoking command in '/home/jshipley/Documents/ros2_ws/src/ece3730/build/custom_action_cpp': CMAKE_PREFIX_PATH=${CMAKE_PREFIX_PATH}:/opt/ros/jazzy DEBUGINFOD_URLS=https://debuginfod.ubuntu.com /usr/bin/cmake /home/jshipley/Documents/ros2_ws/src/ece3730/custom_action_cpp -DCMAKE_INSTALL_PREFIX=/home/jshipley/Documents/ros2_ws/src/ece3730/install/custom_action_cpp
[0.041s] -- The C compiler identification is GNU 13.3.0
[0.071s] -- The CXX compiler identification is GNU 13.3.0
[0.080s] -- Detecting C compiler ABI info
[0.131s] -- Detecting C compiler ABI info - done
[0.137s] -- Check for working C compiler: /usr/bin/cc - skipped
[0.137s] -- Detecting C compile features
[0.137s] -- Detecting C compile features - done
[0.142s] -- Detecting CXX compiler ABI info
[0.198s] -- Detecting CXX compiler ABI info - done
[0.203s] -- Check for working CXX compiler: /usr/bin/c++ - skipped
[0.203s] -- Detecting CXX compile features
[0.203s] -- Detecting CXX compile features - done
[0.204s] -- Found ament_cmake: 2.5.3 (/opt/ros/jazzy/share/ament_cmake/cmake)
[0.280s] -- Found Python3: /usr/bin/python3 (found version "3.12.3") found components: Interpreter 
[0.333s] -- Configuring incomplete, errors occurred!
[0.333s] [31mCMake Error at CMakeLists.txt:10 (find_package):
[0.333s]   By not providing "Findcustom_action_interfaces.cmake" in CMAKE_MODULE_PATH
[0.333s]   this project has asked CMake to find a package configuration file provided
[0.333s]   by "custom_action_interfaces", but CMake did not find one.
[0.333s] 
[0.333s]   Could not find a package configuration file provided by
[0.333s]   "custom_action_interfaces" with any of the following names:
[0.333s] 
[0.333s]     custom_action_interfacesConfig.cmake
[0.333s]     custom_action_interfaces-config.cmake
[0.334s] 
[0.334s]   Add the installation prefix of "custom_action_interfaces" to
[0.334s]   CMAKE_PREFIX_PATH or set "custom_action_interfaces_DIR" to a directory
[0.334s]   containing one of the above files.  If "custom_action_interfaces" provides
[0.334s]   a separate development package or SDK, be sure it has been installed.
[0.334s] 
[0.334s] [0m
[0.337s] Invoked command in '/home/jshipley/Documents/ros2_ws/src/ece3730/build/custom_action_cpp' returned '1': CMAKE_PREFIX_PATH=${CMAKE_PREFIX_PATH}:/opt/ros/jazzy DEBUGINFOD_URLS=https://debuginfod.ubuntu.com /usr/bin/cmake /home/jshipley/Documents/ros2_ws/src/ece3730/custom_action_cpp -DCMAKE_INSTALL_PREFIX=/home/jshipley/Documents/ros2_ws/src/ece3730/install/custom_action_cpp
