[0.018s] Invoking command in '/home/jshipley/Documents/ros2_ws/src/ece3730/build/tutorial_interfaces': CMAKE_PREFIX_PATH=${CMAKE_PREFIX_PATH}:/home/jshipley/Documents/ros2_ws/install/launch_testing_examples:/home/jshipley/Documents/ros2_ws/install/examples_rclpy_pointcloud_publisher:/home/jshipley/Documents/ros2_ws/install/examples_rclpy_minimal_subscriber:/home/jshipley/Documents/ros2_ws/install/examples_rclpy_minimal_service:/home/jshipley/Documents/ros2_ws/install/examples_rclpy_minimal_publisher:/home/jshipley/Documents/ros2_ws/install/examples_rclpy_minimal_client:/home/jshipley/Documents/ros2_ws/install/examples_rclpy_minimal_action_server:/home/jshipley/Documents/ros2_ws/install/examples_rclpy_minimal_action_client:/home/jshipley/Documents/ros2_ws/install/examples_rclpy_guard_conditions:/home/jshipley/Documents/ros2_ws/install/examples_rclpy_executors:/opt/ros/jazzy DEBUGINFOD_URLS=https://debuginfod.ubuntu.com /usr/bin/cmake /home/jshipley/Documents/ros2_ws/src/ece3730/custom_msgs -DCMAKE_INSTALL_PREFIX=/home/jshipley/Documents/ros2_ws/src/ece3730/install/tutorial_interfaces
[0.054s] -- The C compiler identification is GNU 13.3.0
[0.082s] -- The CXX compiler identification is GNU 13.3.0
[0.091s] -- Detecting C compiler ABI info
[0.144s] -- Detecting C compiler ABI info - done
[0.148s] -- Check for working C compiler: /usr/bin/cc - skipped
[0.148s] -- Detecting C compile features
[0.148s] -- Detecting C compile features - done
[0.154s] -- Detecting CXX compiler ABI info
[0.209s] -- Detecting CXX compiler ABI info - done
[0.213s] -- Check for working CXX compiler: /usr/bin/c++ - skipped
[0.213s] -- Detecting CXX compile features
[0.214s] -- Detecting CXX compile features - done
[0.216s] -- Found ament_cmake: 2.5.3 (/opt/ros/jazzy/share/ament_cmake/cmake)
[0.316s] -- Found Python3: /usr/bin/python3 (found version "3.12.3") found components: Interpreter 
[0.380s] -- Found geometry_msgs: 5.3.5 (/opt/ros/jazzy/share/geometry_msgs/cmake)
[0.409s] -- Found rosidl_generator_c: 4.6.5 (/opt/ros/jazzy/share/rosidl_generator_c/cmake)
[0.417s] -- Found rosidl_generator_cpp: 4.6.5 (/opt/ros/jazzy/share/rosidl_generator_cpp/cmake)
[0.426s] -- Using all available rosidl_typesupport_c: rosidl_typesupport_fastrtps_c;rosidl_typesupport_introspection_c
[0.437s] -- Using all available rosidl_typesupport_cpp: rosidl_typesupport_fastrtps_cpp;rosidl_typesupport_introspection_cpp
[0.461s] -- Found rosidl_default_generators: 1.6.0 (/opt/ros/jazzy/share/rosidl_default_generators/cmake)
[0.471s] -- Found rosidl_adapter: 4.6.5 (/opt/ros/jazzy/share/rosidl_adapter/cmake)
[0.834s] -- Found ament_cmake_ros: 0.12.0 (/opt/ros/jazzy/share/ament_cmake_ros/cmake)
[1.333s] -- Using all available rosidl_typesupport_c: rosidl_typesupport_fastrtps_c;rosidl_typesupport_introspection_c
[1.527s] -- Using all available rosidl_typesupport_cpp: rosidl_typesupport_fastrtps_cpp;rosidl_typesupport_introspection_cpp
[1.529s] -- Found python_cmake_module: 0.11.1 (/opt/ros/jazzy/share/python_cmake_module/cmake)
[1.607s] -- Found PythonExtra: /usr/bin/python3  
[1.990s] -- Found Python3: /usr/bin/python3 (found version "3.12.3") found components: Interpreter Development NumPy Development.Module Development.Embed 
[2.022s] -- Found ament_lint_auto: 0.17.1 (/opt/ros/jazzy/share/ament_lint_auto/cmake)
[2.034s] -- Added test 'cppcheck' to perform static code analysis on C / C++ code
[2.035s] -- Configured cppcheck include dirs: 
[2.035s] -- Configured cppcheck exclude dirs and/or files: 
[2.035s] -- Added test 'lint_cmake' to check CMake code style
[2.036s] -- Added test 'uncrustify' to check C / C++ code style
[2.036s] -- Configured uncrustify additional arguments: 
[2.036s] -- Added test 'xmllint' to check XML markup files
[2.038s] -- Configuring done (2.0s)
[2.055s] -- Generating done (0.0s)
[2.061s] -- Build files have been written to: /home/jshipley/Documents/ros2_ws/src/ece3730/build/tutorial_interfaces
