[0.005s] Invoking command in '/home/jshipley/Documents/ros2_ws/src/ece3730/build/week1': CMAKE_PREFIX_PATH=${CMAKE_PREFIX_PATH}:/opt/ros/jazzy DEBUGINFOD_URLS=https://debuginfod.ubuntu.com /usr/bin/cmake /home/jshipley/Documents/ros2_ws/src/ece3730/week1 -DCMAKE_INSTALL_PREFIX=/home/jshipley/Documents/ros2_ws/src/ece3730/install/week1
[0.040s] -- The C compiler identification is GNU 13.3.0
[0.069s] -- The CXX compiler identification is GNU 13.3.0
[0.078s] -- Detecting C compiler ABI info
[0.125s] -- Detecting C compiler ABI info - done
[0.129s] -- Check for working C compiler: /usr/bin/cc - skipped
[0.130s] -- Detecting C compile features
[0.130s] -- Detecting C compile features - done
[0.135s] -- Detecting CXX compiler ABI info
[0.189s] -- Detecting CXX compiler ABI info - done
[0.194s] -- Check for working CXX compiler: /usr/bin/c++ - skipped
[0.194s] -- Detecting CXX compile features
[0.195s] -- Detecting CXX compile features - done
[0.195s] -- Found ament_cmake: 2.5.3 (/opt/ros/jazzy/share/ament_cmake/cmake)
[0.264s] -- Found Python3: /usr/bin/python3 (found version "3.12.3") found components: Interpreter 
[0.311s] -- Found rclcpp: 28.1.6 (/opt/ros/jazzy/share/rclcpp/cmake)
[0.330s] -- Found rosidl_generator_c: 4.6.5 (/opt/ros/jazzy/share/rosidl_generator_c/cmake)
[0.335s] -- Found rosidl_generator_cpp: 4.6.5 (/opt/ros/jazzy/share/rosidl_generator_cpp/cmake)
[0.342s] -- Using all available rosidl_typesupport_c: rosidl_typesupport_fastrtps_c;rosidl_typesupport_introspection_c
[0.349s] -- Using all available rosidl_typesupport_cpp: rosidl_typesupport_fastrtps_cpp;rosidl_typesupport_introspection_cpp
[0.383s] -- Found rmw_implementation_cmake: 7.3.1 (/opt/ros/jazzy/share/rmw_implementation_cmake/cmake)
[0.384s] -- Found rmw_fastrtps_cpp: 8.4.1 (/opt/ros/jazzy/share/rmw_fastrtps_cpp/cmake)
[0.425s] -- Found OpenSSL: /usr/lib/x86_64-linux-gnu/libcrypto.so (found version "3.0.13")  
[0.440s] -- Found FastRTPS: /opt/ros/jazzy/include (Required is at least version "2.13") 
[0.458s] -- Using RMW implementation 'rmw_fastrtps_cpp' as default
[0.491s] -- Found sensor_msgs: 5.3.5 (/opt/ros/jazzy/share/sensor_msgs/cmake)
[0.521s] -- Found ament_lint_auto: 0.17.1 (/opt/ros/jazzy/share/ament_lint_auto/cmake)
[0.571s] -- Added test 'cppcheck' to perform static code analysis on C / C++ code
[0.571s] -- Configured cppcheck include dirs: $<BUILD_INTERFACE:/home/jshipley/Documents/ros2_ws/src/ece3730/week1/include>
[0.571s] -- Configured cppcheck exclude dirs and/or files: 
[0.571s] -- Added test 'lint_cmake' to check CMake code style
[0.571s] -- Added test 'uncrustify' to check C / C++ code style
[0.571s] -- Configured uncrustify additional arguments: 
[0.572s] -- Added test 'xmllint' to check XML markup files
[0.572s] -- Configuring done (0.6s)
[0.578s] -- Generating done (0.0s)
[0.581s] -- Build files have been written to: /home/jshipley/Documents/ros2_ws/src/ece3730/build/week1
[0.586s] Invoked command in '/home/jshipley/Documents/ros2_ws/src/ece3730/build/week1' returned '0': CMAKE_PREFIX_PATH=${CMAKE_PREFIX_PATH}:/opt/ros/jazzy DEBUGINFOD_URLS=https://debuginfod.ubuntu.com /usr/bin/cmake /home/jshipley/Documents/ros2_ws/src/ece3730/week1 -DCMAKE_INSTALL_PREFIX=/home/jshipley/Documents/ros2_ws/src/ece3730/install/week1
[0.586s] Invoking command in '/home/jshipley/Documents/ros2_ws/src/ece3730/build/week1': CMAKE_PREFIX_PATH=${CMAKE_PREFIX_PATH}:/opt/ros/jazzy DEBUGINFOD_URLS=https://debuginfod.ubuntu.com /usr/bin/cmake --build /home/jshipley/Documents/ros2_ws/src/ece3730/build/week1 -- -j32 -l32
[0.614s] [ 25%] [32mBuilding CXX object CMakeFiles/odometry.dir/src/odometry.cpp.o[0m
[0.615s] [ 50%] [32mBuilding CXX object CMakeFiles/imu.dir/src/imu.cpp.o[0m
[2.498s] [ 75%] [32m[1mLinking CXX executable imu[0m
[2.580s] [ 75%] Built target imu
[4.120s] [100%] [32m[1mLinking CXX executable odometry[0m
[4.254s] [100%] Built target odometry
[4.260s] Invoked command in '/home/jshipley/Documents/ros2_ws/src/ece3730/build/week1' returned '0': CMAKE_PREFIX_PATH=${CMAKE_PREFIX_PATH}:/opt/ros/jazzy DEBUGINFOD_URLS=https://debuginfod.ubuntu.com /usr/bin/cmake --build /home/jshipley/Documents/ros2_ws/src/ece3730/build/week1 -- -j32 -l32
[4.261s] Invoking command in '/home/jshipley/Documents/ros2_ws/src/ece3730/build/week1': CMAKE_PREFIX_PATH=${CMAKE_PREFIX_PATH}:/opt/ros/jazzy DEBUGINFOD_URLS=https://debuginfod.ubuntu.com /usr/bin/cmake --install /home/jshipley/Documents/ros2_ws/src/ece3730/build/week1
[4.265s] -- Install configuration: ""
[4.265s] -- Installing: /home/jshipley/Documents/ros2_ws/src/ece3730/install/week1/lib/week1/imu
[4.265s] -- Set non-toolchain portion of runtime path of "/home/jshipley/Documents/ros2_ws/src/ece3730/install/week1/lib/week1/imu" to ""
[4.265s] -- Installing: /home/jshipley/Documents/ros2_ws/src/ece3730/install/week1/lib/week1/odometry
[4.267s] -- Set non-toolchain portion of runtime path of "/home/jshipley/Documents/ros2_ws/src/ece3730/install/week1/lib/week1/odometry" to ""
[4.267s] -- Installing: /home/jshipley/Documents/ros2_ws/src/ece3730/install/week1/share/ament_index/resource_index/package_run_dependencies/week1
[4.267s] -- Installing: /home/jshipley/Documents/ros2_ws/src/ece3730/install/week1/share/ament_index/resource_index/parent_prefix_path/week1
[4.267s] -- Installing: /home/jshipley/Documents/ros2_ws/src/ece3730/install/week1/share/week1/environment/ament_prefix_path.sh
[4.267s] -- Installing: /home/jshipley/Documents/ros2_ws/src/ece3730/install/week1/share/week1/environment/ament_prefix_path.dsv
[4.267s] -- Installing: /home/jshipley/Documents/ros2_ws/src/ece3730/install/week1/share/week1/environment/path.sh
[4.267s] -- Installing: /home/jshipley/Documents/ros2_ws/src/ece3730/install/week1/share/week1/environment/path.dsv
[4.267s] -- Installing: /home/jshipley/Documents/ros2_ws/src/ece3730/install/week1/share/week1/local_setup.bash
[4.267s] -- Installing: /home/jshipley/Documents/ros2_ws/src/ece3730/install/week1/share/week1/local_setup.sh
[4.267s] -- Installing: /home/jshipley/Documents/ros2_ws/src/ece3730/install/week1/share/week1/local_setup.zsh
[4.267s] -- Installing: /home/jshipley/Documents/ros2_ws/src/ece3730/install/week1/share/week1/local_setup.dsv
[4.267s] -- Installing: /home/jshipley/Documents/ros2_ws/src/ece3730/install/week1/share/week1/package.dsv
[4.267s] -- Installing: /home/jshipley/Documents/ros2_ws/src/ece3730/install/week1/share/ament_index/resource_index/packages/week1
[4.267s] -- Installing: /home/jshipley/Documents/ros2_ws/src/ece3730/install/week1/share/week1/cmake/week1Config.cmake
[4.267s] -- Installing: /home/jshipley/Documents/ros2_ws/src/ece3730/install/week1/share/week1/cmake/week1Config-version.cmake
[4.267s] -- Installing: /home/jshipley/Documents/ros2_ws/src/ece3730/install/week1/share/week1/package.xml
[4.268s] Invoked command in '/home/jshipley/Documents/ros2_ws/src/ece3730/build/week1' returned '0': CMAKE_PREFIX_PATH=${CMAKE_PREFIX_PATH}:/opt/ros/jazzy DEBUGINFOD_URLS=https://debuginfod.ubuntu.com /usr/bin/cmake --install /home/jshipley/Documents/ros2_ws/src/ece3730/build/week1
