[0.005s] Invoking command in '/home/jshipley/Documents/ros2_ws/src/ece3730/build/cpp_parameters': CMAKE_PREFIX_PATH=${CMAKE_PREFIX_PATH}:/opt/ros/jazzy DEBUGINFOD_URLS=https://debuginfod.ubuntu.com /usr/bin/cmake --build /home/jshipley/Documents/ros2_ws/src/ece3730/build/cpp_parameters -- -j32 -l32
[0.021s] -- Found ament_cmake: 2.5.3 (/opt/ros/jazzy/share/ament_cmake/cmake)
[0.140s] -- Found rclcpp: 28.1.6 (/opt/ros/jazzy/share/rclcpp/cmake)
[0.152s] -- Found rosidl_generator_c: 4.6.5 (/opt/ros/jazzy/share/rosidl_generator_c/cmake)
[0.156s] -- Found rosidl_generator_cpp: 4.6.5 (/opt/ros/jazzy/share/rosidl_generator_cpp/cmake)
[0.161s] -- Using all available rosidl_typesupport_c: rosidl_typesupport_fastrtps_c;rosidl_typesupport_introspection_c
[0.167s] -- Using all available rosidl_typesupport_cpp: rosidl_typesupport_fastrtps_cpp;rosidl_typesupport_introspection_cpp
[0.196s] -- Found rmw_implementation_cmake: 7.3.1 (/opt/ros/jazzy/share/rmw_implementation_cmake/cmake)
[0.197s] -- Found rmw_fastrtps_cpp: 8.4.1 (/opt/ros/jazzy/share/rmw_fastrtps_cpp/cmake)
[0.237s] -- Using RMW implementation 'rmw_fastrtps_cpp' as default
[0.267s] -- Found ament_lint_auto: 0.17.1 (/opt/ros/jazzy/share/ament_lint_auto/cmake)
[0.312s] -- Added test 'cppcheck' to perform static code analysis on C / C++ code
[0.312s] -- Configured cppcheck include dirs: 
[0.312s] -- Configured cppcheck exclude dirs and/or files: 
[0.312s] -- Added test 'lint_cmake' to check CMake code style
[0.312s] -- Added test 'uncrustify' to check C / C++ code style
[0.313s] -- Configured uncrustify additional arguments: 
[0.313s] -- Added test 'xmllint' to check XML markup files
[0.313s] -- Configuring done (0.3s)
[0.317s] -- Generating done (0.0s)
[0.318s] -- Build files have been written to: /home/jshipley/Documents/ros2_ws/src/ece3730/build/cpp_parameters
[0.341s] [ 50%] [32mBuilding CXX object CMakeFiles/minimal_param_node.dir/src/cpp_parameters_node.cpp.o[0m
[1.582s] [100%] [32m[1mLinking CXX executable minimal_param_node[0m
[1.640s] [100%] Built target minimal_param_node
[1.647s] Invoked command in '/home/jshipley/Documents/ros2_ws/src/ece3730/build/cpp_parameters' returned '0': CMAKE_PREFIX_PATH=${CMAKE_PREFIX_PATH}:/opt/ros/jazzy DEBUGINFOD_URLS=https://debuginfod.ubuntu.com /usr/bin/cmake --build /home/jshipley/Documents/ros2_ws/src/ece3730/build/cpp_parameters -- -j32 -l32
[1.651s] Invoking command in '/home/jshipley/Documents/ros2_ws/src/ece3730/build/cpp_parameters': CMAKE_PREFIX_PATH=${CMAKE_PREFIX_PATH}:/opt/ros/jazzy DEBUGINFOD_URLS=https://debuginfod.ubuntu.com /usr/bin/cmake --install /home/jshipley/Documents/ros2_ws/src/ece3730/build/cpp_parameters
[1.655s] -- Install configuration: ""
[1.655s] -- Installing: /home/jshipley/Documents/ros2_ws/src/ece3730/install/cpp_parameters/lib/cpp_parameters/minimal_param_node
[1.655s] -- Set non-toolchain portion of runtime path of "/home/jshipley/Documents/ros2_ws/src/ece3730/install/cpp_parameters/lib/cpp_parameters/minimal_param_node" to ""
[1.655s] -- Up-to-date: /home/jshipley/Documents/ros2_ws/src/ece3730/install/cpp_parameters/share/ament_index/resource_index/package_run_dependencies/cpp_parameters
[1.655s] -- Installing: /home/jshipley/Documents/ros2_ws/src/ece3730/install/cpp_parameters/share/ament_index/resource_index/parent_prefix_path/cpp_parameters
[1.655s] -- Up-to-date: /home/jshipley/Documents/ros2_ws/src/ece3730/install/cpp_parameters/share/cpp_parameters/environment/ament_prefix_path.sh
[1.655s] -- Up-to-date: /home/jshipley/Documents/ros2_ws/src/ece3730/install/cpp_parameters/share/cpp_parameters/environment/ament_prefix_path.dsv
[1.655s] -- Up-to-date: /home/jshipley/Documents/ros2_ws/src/ece3730/install/cpp_parameters/share/cpp_parameters/environment/path.sh
[1.655s] -- Up-to-date: /home/jshipley/Documents/ros2_ws/src/ece3730/install/cpp_parameters/share/cpp_parameters/environment/path.dsv
[1.655s] -- Up-to-date: /home/jshipley/Documents/ros2_ws/src/ece3730/install/cpp_parameters/share/cpp_parameters/local_setup.bash
[1.656s] -- Up-to-date: /home/jshipley/Documents/ros2_ws/src/ece3730/install/cpp_parameters/share/cpp_parameters/local_setup.sh
[1.656s] -- Up-to-date: /home/jshipley/Documents/ros2_ws/src/ece3730/install/cpp_parameters/share/cpp_parameters/local_setup.zsh
[1.656s] -- Up-to-date: /home/jshipley/Documents/ros2_ws/src/ece3730/install/cpp_parameters/share/cpp_parameters/local_setup.dsv
[1.656s] -- Up-to-date: /home/jshipley/Documents/ros2_ws/src/ece3730/install/cpp_parameters/share/cpp_parameters/package.dsv
[1.656s] -- Up-to-date: /home/jshipley/Documents/ros2_ws/src/ece3730/install/cpp_parameters/share/ament_index/resource_index/packages/cpp_parameters
[1.656s] -- Up-to-date: /home/jshipley/Documents/ros2_ws/src/ece3730/install/cpp_parameters/share/cpp_parameters/cmake/cpp_parametersConfig.cmake
[1.656s] -- Up-to-date: /home/jshipley/Documents/ros2_ws/src/ece3730/install/cpp_parameters/share/cpp_parameters/cmake/cpp_parametersConfig-version.cmake
[1.656s] -- Up-to-date: /home/jshipley/Documents/ros2_ws/src/ece3730/install/cpp_parameters/share/cpp_parameters/package.xml
[1.657s] Invoked command in '/home/jshipley/Documents/ros2_ws/src/ece3730/build/cpp_parameters' returned '0': CMAKE_PREFIX_PATH=${CMAKE_PREFIX_PATH}:/opt/ros/jazzy DEBUGINFOD_URLS=https://debuginfod.ubuntu.com /usr/bin/cmake --install /home/jshipley/Documents/ros2_ws/src/ece3730/build/cpp_parameters
