[0.048s] DEBUG:colcon:Command line arguments: ['/usr/bin/colcon', 'build']
[0.048s] DEBUG:colcon:Parsed command line arguments: Namespace(log_base=None, log_level=None, verb_name='build', build_base='build', install_base='install', merge_install=False, symlink_install=False, test_result_base=None, continue_on_error=False, executor='parallel', parallel_workers=32, event_handlers=None, ignore_user_meta=False, metas=['./colcon.meta'], base_paths=['.'], packages_ignore=None, packages_ignore_regex=None, paths=None, packages_up_to=None, packages_up_to_regex=None, packages_above=None, packages_above_and_dependencies=None, packages_above_depth=None, packages_select_by_dep=None, packages_skip_by_dep=None, packages_skip_up_to=None, packages_select_build_failed=False, packages_skip_build_finished=False, packages_select_test_failures=False, packages_skip_test_passed=False, packages_select=None, packages_skip=None, packages_select_regex=None, packages_skip_regex=None, packages_start=None, packages_end=None, allow_overriding=[], cmake_args=None, cmake_target=None, cmake_target_skip_unavailable=False, cmake_clean_cache=False, cmake_clean_first=False, cmake_force_configure=False, ament_cmake_args=None, catkin_cmake_args=None, catkin_skip_building_tests=False, mixin_files=None, mixin=None, verb_parser=<colcon_mixin.mixin.mixin_argument.MixinArgumentDecorator object at 0x71ec483cb1d0>, verb_extension=<colcon_core.verb.build.BuildVerb object at 0x71ec483e6600>, main=<bound method BuildVerb.main of <colcon_core.verb.build.BuildVerb object at 0x71ec483e6600>>, mixin_verb=('build',))
[0.064s] Level 1:colcon.colcon_core.package_discovery:discover_packages(colcon_meta) check parameters
[0.064s] Level 1:colcon.colcon_core.package_discovery:discover_packages(recursive) check parameters
[0.064s] Level 1:colcon.colcon_core.package_discovery:discover_packages(ignore) check parameters
[0.064s] Level 1:colcon.colcon_core.package_discovery:discover_packages(path) check parameters
[0.064s] Level 1:colcon.colcon_core.package_discovery:discover_packages(colcon_meta) discover
[0.064s] Level 1:colcon.colcon_core.package_discovery:discover_packages(recursive) discover
[0.064s] INFO:colcon.colcon_core.package_discovery:Crawling recursively for packages in '/home/jshipley/Documents/ros2_ws/src/ece3730'
[0.064s] Level 1:colcon.colcon_core.package_identification:_identify(.) by extensions ['ignore', 'ignore_ament_install']
[0.065s] Level 1:colcon.colcon_core.package_identification:_identify(.) by extension 'ignore'
[0.065s] Level 1:colcon.colcon_core.package_identification:_identify(.) by extension 'ignore_ament_install'
[0.065s] Level 1:colcon.colcon_core.package_identification:_identify(.) by extensions ['colcon_pkg']
[0.065s] Level 1:colcon.colcon_core.package_identification:_identify(.) by extension 'colcon_pkg'
[0.065s] Level 1:colcon.colcon_core.package_identification:_identify(.) by extensions ['colcon_meta']
[0.065s] Level 1:colcon.colcon_core.package_identification:_identify(.) by extension 'colcon_meta'
[0.065s] Level 1:colcon.colcon_core.package_identification:_identify(.) by extensions ['ros']
[0.065s] Level 1:colcon.colcon_core.package_identification:_identify(.) by extension 'ros'
[0.076s] Level 1:colcon.colcon_core.package_identification:_identify(.) by extensions ['cmake', 'python']
[0.076s] Level 1:colcon.colcon_core.package_identification:_identify(.) by extension 'cmake'
[0.076s] Level 1:colcon.colcon_core.package_identification:_identify(.) by extension 'python'
[0.076s] Level 1:colcon.colcon_core.package_identification:_identify(.) by extensions ['python_setup_py']
[0.076s] Level 1:colcon.colcon_core.package_identification:_identify(.) by extension 'python_setup_py'
[0.076s] Level 1:colcon.colcon_core.package_identification:_identify(build) by extensions ['ignore', 'ignore_ament_install']
[0.076s] Level 1:colcon.colcon_core.package_identification:_identify(build) by extension 'ignore'
[0.076s] Level 1:colcon.colcon_core.package_identification:_identify(build) ignored
[0.076s] Level 1:colcon.colcon_core.package_identification:_identify(cpp_parameters) by extensions ['ignore', 'ignore_ament_install']
[0.076s] Level 1:colcon.colcon_core.package_identification:_identify(cpp_parameters) by extension 'ignore'
[0.076s] Level 1:colcon.colcon_core.package_identification:_identify(cpp_parameters) by extension 'ignore_ament_install'
[0.076s] Level 1:colcon.colcon_core.package_identification:_identify(cpp_parameters) by extensions ['colcon_pkg']
[0.076s] Level 1:colcon.colcon_core.package_identification:_identify(cpp_parameters) by extension 'colcon_pkg'
[0.076s] Level 1:colcon.colcon_core.package_identification:_identify(cpp_parameters) by extensions ['colcon_meta']
[0.076s] Level 1:colcon.colcon_core.package_identification:_identify(cpp_parameters) by extension 'colcon_meta'
[0.076s] Level 1:colcon.colcon_core.package_identification:_identify(cpp_parameters) by extensions ['ros']
[0.076s] Level 1:colcon.colcon_core.package_identification:_identify(cpp_parameters) by extension 'ros'
[0.077s] DEBUG:colcon.colcon_core.package_identification:Package 'cpp_parameters' with type 'ros.ament_cmake' and name 'cpp_parameters'
[0.077s] Level 1:colcon.colcon_core.package_identification:_identify(cpp_pubsub) by extensions ['ignore', 'ignore_ament_install']
[0.077s] Level 1:colcon.colcon_core.package_identification:_identify(cpp_pubsub) by extension 'ignore'
[0.077s] Level 1:colcon.colcon_core.package_identification:_identify(cpp_pubsub) by extension 'ignore_ament_install'
[0.077s] Level 1:colcon.colcon_core.package_identification:_identify(cpp_pubsub) by extensions ['colcon_pkg']
[0.077s] Level 1:colcon.colcon_core.package_identification:_identify(cpp_pubsub) by extension 'colcon_pkg'
[0.077s] Level 1:colcon.colcon_core.package_identification:_identify(cpp_pubsub) by extensions ['colcon_meta']
[0.077s] Level 1:colcon.colcon_core.package_identification:_identify(cpp_pubsub) by extension 'colcon_meta'
[0.077s] Level 1:colcon.colcon_core.package_identification:_identify(cpp_pubsub) by extensions ['ros']
[0.077s] Level 1:colcon.colcon_core.package_identification:_identify(cpp_pubsub) by extension 'ros'
[0.077s] DEBUG:colcon.colcon_core.package_identification:Package 'cpp_pubsub' with type 'ros.ament_cmake' and name 'cpp_pubsub'
[0.078s] Level 1:colcon.colcon_core.package_identification:_identify(cpp_srvcli) by extensions ['ignore', 'ignore_ament_install']
[0.078s] Level 1:colcon.colcon_core.package_identification:_identify(cpp_srvcli) by extension 'ignore'
[0.078s] Level 1:colcon.colcon_core.package_identification:_identify(cpp_srvcli) by extension 'ignore_ament_install'
[0.078s] Level 1:colcon.colcon_core.package_identification:_identify(cpp_srvcli) by extensions ['colcon_pkg']
[0.078s] Level 1:colcon.colcon_core.package_identification:_identify(cpp_srvcli) by extension 'colcon_pkg'
[0.078s] Level 1:colcon.colcon_core.package_identification:_identify(cpp_srvcli) by extensions ['colcon_meta']
[0.078s] Level 1:colcon.colcon_core.package_identification:_identify(cpp_srvcli) by extension 'colcon_meta'
[0.078s] Level 1:colcon.colcon_core.package_identification:_identify(cpp_srvcli) by extensions ['ros']
[0.078s] Level 1:colcon.colcon_core.package_identification:_identify(cpp_srvcli) by extension 'ros'
[0.078s] DEBUG:colcon.colcon_core.package_identification:Package 'cpp_srvcli' with type 'ros.ament_cmake' and name 'cpp_srvcli'
[0.078s] Level 1:colcon.colcon_core.package_identification:_identify(custom_action_cpp) by extensions ['ignore', 'ignore_ament_install']
[0.078s] Level 1:colcon.colcon_core.package_identification:_identify(custom_action_cpp) by extension 'ignore'
[0.078s] Level 1:colcon.colcon_core.package_identification:_identify(custom_action_cpp) by extension 'ignore_ament_install'
[0.078s] Level 1:colcon.colcon_core.package_identification:_identify(custom_action_cpp) by extensions ['colcon_pkg']
[0.078s] Level 1:colcon.colcon_core.package_identification:_identify(custom_action_cpp) by extension 'colcon_pkg'
[0.078s] Level 1:colcon.colcon_core.package_identification:_identify(custom_action_cpp) by extensions ['colcon_meta']
[0.078s] Level 1:colcon.colcon_core.package_identification:_identify(custom_action_cpp) by extension 'colcon_meta'
[0.078s] Level 1:colcon.colcon_core.package_identification:_identify(custom_action_cpp) by extensions ['ros']
[0.078s] Level 1:colcon.colcon_core.package_identification:_identify(custom_action_cpp) by extension 'ros'
[0.078s] DEBUG:colcon.colcon_core.package_identification:Package 'custom_action_cpp' with type 'ros.ament_cmake' and name 'custom_action_cpp'
[0.078s] Level 1:colcon.colcon_core.package_identification:_identify(install) by extensions ['ignore', 'ignore_ament_install']
[0.078s] Level 1:colcon.colcon_core.package_identification:_identify(install) by extension 'ignore'
[0.078s] Level 1:colcon.colcon_core.package_identification:_identify(install) ignored
[0.078s] Level 1:colcon.colcon_core.package_identification:_identify(log) by extensions ['ignore', 'ignore_ament_install']
[0.078s] Level 1:colcon.colcon_core.package_identification:_identify(log) by extension 'ignore'
[0.078s] Level 1:colcon.colcon_core.package_identification:_identify(log) ignored
[0.078s] Level 1:colcon.colcon_core.package_identification:_identify(week1) by extensions ['ignore', 'ignore_ament_install']
[0.079s] Level 1:colcon.colcon_core.package_identification:_identify(week1) by extension 'ignore'
[0.079s] Level 1:colcon.colcon_core.package_identification:_identify(week1) by extension 'ignore_ament_install'
[0.079s] Level 1:colcon.colcon_core.package_identification:_identify(week1) by extensions ['colcon_pkg']
[0.079s] Level 1:colcon.colcon_core.package_identification:_identify(week1) by extension 'colcon_pkg'
[0.079s] Level 1:colcon.colcon_core.package_identification:_identify(week1) by extensions ['colcon_meta']
[0.079s] Level 1:colcon.colcon_core.package_identification:_identify(week1) by extension 'colcon_meta'
[0.079s] Level 1:colcon.colcon_core.package_identification:_identify(week1) by extensions ['ros']
[0.079s] Level 1:colcon.colcon_core.package_identification:_identify(week1) by extension 'ros'
[0.079s] DEBUG:colcon.colcon_core.package_identification:Package 'week1' with type 'ros.ament_cmake' and name 'week1'
[0.079s] Level 1:colcon.colcon_core.package_discovery:discover_packages(recursive) using defaults
[0.079s] Level 1:colcon.colcon_core.package_discovery:discover_packages(ignore) discover
[0.079s] Level 1:colcon.colcon_core.package_discovery:discover_packages(ignore) using defaults
[0.079s] Level 1:colcon.colcon_core.package_discovery:discover_packages(path) discover
[0.079s] Level 1:colcon.colcon_core.package_discovery:discover_packages(path) using defaults
[0.086s] Level 1:colcon.colcon_core.package_discovery:discover_packages(prefix_path) check parameters
[0.086s] Level 1:colcon.colcon_core.package_discovery:discover_packages(prefix_path) discover
[0.087s] DEBUG:colcon.colcon_installed_package_information.package_discovery:Found 4 installed packages in /home/jshipley/Documents/ros2_ws/src/ece3730/install
[0.088s] DEBUG:colcon.colcon_installed_package_information.package_discovery:Found 284 installed packages in /opt/ros/jazzy
[0.088s] Level 1:colcon.colcon_core.package_discovery:discover_packages(prefix_path) using defaults
[0.103s] Level 5:colcon.colcon_core.verb:set package 'cpp_parameters' build argument 'cmake_args' from command line to 'None'
[0.103s] Level 5:colcon.colcon_core.verb:set package 'cpp_parameters' build argument 'cmake_target' from command line to 'None'
[0.103s] Level 5:colcon.colcon_core.verb:set package 'cpp_parameters' build argument 'cmake_target_skip_unavailable' from command line to 'False'
[0.103s] Level 5:colcon.colcon_core.verb:set package 'cpp_parameters' build argument 'cmake_clean_cache' from command line to 'False'
[0.103s] Level 5:colcon.colcon_core.verb:set package 'cpp_parameters' build argument 'cmake_clean_first' from command line to 'False'
[0.103s] Level 5:colcon.colcon_core.verb:set package 'cpp_parameters' build argument 'cmake_force_configure' from command line to 'False'
[0.103s] Level 5:colcon.colcon_core.verb:set package 'cpp_parameters' build argument 'ament_cmake_args' from command line to 'None'
[0.103s] Level 5:colcon.colcon_core.verb:set package 'cpp_parameters' build argument 'catkin_cmake_args' from command line to 'None'
[0.103s] Level 5:colcon.colcon_core.verb:set package 'cpp_parameters' build argument 'catkin_skip_building_tests' from command line to 'False'
[0.103s] DEBUG:colcon.colcon_core.verb:Building package 'cpp_parameters' with the following arguments: {'ament_cmake_args': None, 'build_base': '/home/jshipley/Documents/ros2_ws/src/ece3730/build/cpp_parameters', 'catkin_cmake_args': None, 'catkin_skip_building_tests': False, 'cmake_args': None, 'cmake_clean_cache': False, 'cmake_clean_first': False, 'cmake_force_configure': False, 'cmake_target': None, 'cmake_target_skip_unavailable': False, 'install_base': '/home/jshipley/Documents/ros2_ws/src/ece3730/install/cpp_parameters', 'merge_install': False, 'path': '/home/jshipley/Documents/ros2_ws/src/ece3730/cpp_parameters', 'symlink_install': False, 'test_result_base': None}
[0.103s] Level 5:colcon.colcon_core.verb:set package 'cpp_pubsub' build argument 'cmake_args' from command line to 'None'
[0.103s] Level 5:colcon.colcon_core.verb:set package 'cpp_pubsub' build argument 'cmake_target' from command line to 'None'
[0.103s] Level 5:colcon.colcon_core.verb:set package 'cpp_pubsub' build argument 'cmake_target_skip_unavailable' from command line to 'False'
[0.103s] Level 5:colcon.colcon_core.verb:set package 'cpp_pubsub' build argument 'cmake_clean_cache' from command line to 'False'
[0.103s] Level 5:colcon.colcon_core.verb:set package 'cpp_pubsub' build argument 'cmake_clean_first' from command line to 'False'
[0.103s] Level 5:colcon.colcon_core.verb:set package 'cpp_pubsub' build argument 'cmake_force_configure' from command line to 'False'
[0.103s] Level 5:colcon.colcon_core.verb:set package 'cpp_pubsub' build argument 'ament_cmake_args' from command line to 'None'
[0.103s] Level 5:colcon.colcon_core.verb:set package 'cpp_pubsub' build argument 'catkin_cmake_args' from command line to 'None'
[0.103s] Level 5:colcon.colcon_core.verb:set package 'cpp_pubsub' build argument 'catkin_skip_building_tests' from command line to 'False'
[0.103s] DEBUG:colcon.colcon_core.verb:Building package 'cpp_pubsub' with the following arguments: {'ament_cmake_args': None, 'build_base': '/home/jshipley/Documents/ros2_ws/src/ece3730/build/cpp_pubsub', 'catkin_cmake_args': None, 'catkin_skip_building_tests': False, 'cmake_args': None, 'cmake_clean_cache': False, 'cmake_clean_first': False, 'cmake_force_configure': False, 'cmake_target': None, 'cmake_target_skip_unavailable': False, 'install_base': '/home/jshipley/Documents/ros2_ws/src/ece3730/install/cpp_pubsub', 'merge_install': False, 'path': '/home/jshipley/Documents/ros2_ws/src/ece3730/cpp_pubsub', 'symlink_install': False, 'test_result_base': None}
[0.103s] Level 5:colcon.colcon_core.verb:set package 'cpp_srvcli' build argument 'cmake_args' from command line to 'None'
[0.103s] Level 5:colcon.colcon_core.verb:set package 'cpp_srvcli' build argument 'cmake_target' from command line to 'None'
[0.103s] Level 5:colcon.colcon_core.verb:set package 'cpp_srvcli' build argument 'cmake_target_skip_unavailable' from command line to 'False'
[0.103s] Level 5:colcon.colcon_core.verb:set package 'cpp_srvcli' build argument 'cmake_clean_cache' from command line to 'False'
[0.103s] Level 5:colcon.colcon_core.verb:set package 'cpp_srvcli' build argument 'cmake_clean_first' from command line to 'False'
[0.103s] Level 5:colcon.colcon_core.verb:set package 'cpp_srvcli' build argument 'cmake_force_configure' from command line to 'False'
[0.103s] Level 5:colcon.colcon_core.verb:set package 'cpp_srvcli' build argument 'ament_cmake_args' from command line to 'None'
[0.103s] Level 5:colcon.colcon_core.verb:set package 'cpp_srvcli' build argument 'catkin_cmake_args' from command line to 'None'
[0.103s] Level 5:colcon.colcon_core.verb:set package 'cpp_srvcli' build argument 'catkin_skip_building_tests' from command line to 'False'
[0.103s] DEBUG:colcon.colcon_core.verb:Building package 'cpp_srvcli' with the following arguments: {'ament_cmake_args': None, 'build_base': '/home/jshipley/Documents/ros2_ws/src/ece3730/build/cpp_srvcli', 'catkin_cmake_args': None, 'catkin_skip_building_tests': False, 'cmake_args': None, 'cmake_clean_cache': False, 'cmake_clean_first': False, 'cmake_force_configure': False, 'cmake_target': None, 'cmake_target_skip_unavailable': False, 'install_base': '/home/jshipley/Documents/ros2_ws/src/ece3730/install/cpp_srvcli', 'merge_install': False, 'path': '/home/jshipley/Documents/ros2_ws/src/ece3730/cpp_srvcli', 'symlink_install': False, 'test_result_base': None}
[0.103s] Level 5:colcon.colcon_core.verb:set package 'custom_action_cpp' build argument 'cmake_args' from command line to 'None'
[0.103s] Level 5:colcon.colcon_core.verb:set package 'custom_action_cpp' build argument 'cmake_target' from command line to 'None'
[0.103s] Level 5:colcon.colcon_core.verb:set package 'custom_action_cpp' build argument 'cmake_target_skip_unavailable' from command line to 'False'
[0.103s] Level 5:colcon.colcon_core.verb:set package 'custom_action_cpp' build argument 'cmake_clean_cache' from command line to 'False'
[0.103s] Level 5:colcon.colcon_core.verb:set package 'custom_action_cpp' build argument 'cmake_clean_first' from command line to 'False'
[0.103s] Level 5:colcon.colcon_core.verb:set package 'custom_action_cpp' build argument 'cmake_force_configure' from command line to 'False'
[0.103s] Level 5:colcon.colcon_core.verb:set package 'custom_action_cpp' build argument 'ament_cmake_args' from command line to 'None'
[0.103s] Level 5:colcon.colcon_core.verb:set package 'custom_action_cpp' build argument 'catkin_cmake_args' from command line to 'None'
[0.103s] Level 5:colcon.colcon_core.verb:set package 'custom_action_cpp' build argument 'catkin_skip_building_tests' from command line to 'False'
[0.103s] DEBUG:colcon.colcon_core.verb:Building package 'custom_action_cpp' with the following arguments: {'ament_cmake_args': None, 'build_base': '/home/jshipley/Documents/ros2_ws/src/ece3730/build/custom_action_cpp', 'catkin_cmake_args': None, 'catkin_skip_building_tests': False, 'cmake_args': None, 'cmake_clean_cache': False, 'cmake_clean_first': False, 'cmake_force_configure': False, 'cmake_target': None, 'cmake_target_skip_unavailable': False, 'install_base': '/home/jshipley/Documents/ros2_ws/src/ece3730/install/custom_action_cpp', 'merge_install': False, 'path': '/home/jshipley/Documents/ros2_ws/src/ece3730/custom_action_cpp', 'symlink_install': False, 'test_result_base': None}
[0.103s] Level 5:colcon.colcon_core.verb:set package 'week1' build argument 'cmake_args' from command line to 'None'
[0.103s] Level 5:colcon.colcon_core.verb:set package 'week1' build argument 'cmake_target' from command line to 'None'
[0.103s] Level 5:colcon.colcon_core.verb:set package 'week1' build argument 'cmake_target_skip_unavailable' from command line to 'False'
[0.103s] Level 5:colcon.colcon_core.verb:set package 'week1' build argument 'cmake_clean_cache' from command line to 'False'
[0.103s] Level 5:colcon.colcon_core.verb:set package 'week1' build argument 'cmake_clean_first' from command line to 'False'
[0.103s] Level 5:colcon.colcon_core.verb:set package 'week1' build argument 'cmake_force_configure' from command line to 'False'
[0.103s] Level 5:colcon.colcon_core.verb:set package 'week1' build argument 'ament_cmake_args' from command line to 'None'
[0.103s] Level 5:colcon.colcon_core.verb:set package 'week1' build argument 'catkin_cmake_args' from command line to 'None'
[0.103s] Level 5:colcon.colcon_core.verb:set package 'week1' build argument 'catkin_skip_building_tests' from command line to 'False'
[0.103s] DEBUG:colcon.colcon_core.verb:Building package 'week1' with the following arguments: {'ament_cmake_args': None, 'build_base': '/home/jshipley/Documents/ros2_ws/src/ece3730/build/week1', 'catkin_cmake_args': None, 'catkin_skip_building_tests': False, 'cmake_args': None, 'cmake_clean_cache': False, 'cmake_clean_first': False, 'cmake_force_configure': False, 'cmake_target': None, 'cmake_target_skip_unavailable': False, 'install_base': '/home/jshipley/Documents/ros2_ws/src/ece3730/install/week1', 'merge_install': False, 'path': '/home/jshipley/Documents/ros2_ws/src/ece3730/week1', 'symlink_install': False, 'test_result_base': None}
[0.103s] INFO:colcon.colcon_core.executor:Executing jobs using 'parallel' executor
[0.104s] DEBUG:colcon.colcon_parallel_executor.executor.parallel:run_until_complete
[0.104s] INFO:colcon.colcon_ros.task.ament_cmake.build:Building ROS package in '/home/jshipley/Documents/ros2_ws/src/ece3730/cpp_parameters' with build type 'ament_cmake'
[0.104s] INFO:colcon.colcon_cmake.task.cmake.build:Building CMake package in '/home/jshipley/Documents/ros2_ws/src/ece3730/cpp_parameters'
[0.105s] INFO:colcon.colcon_core.plugin_system:Skipping extension 'colcon_core.shell.bat': Not used on non-Windows systems
[0.105s] INFO:colcon.colcon_core.shell:Skip shell extension 'powershell' for command environment: Not usable outside of PowerShell
[0.105s] DEBUG:colcon.colcon_core.shell:Skip shell extension 'dsv' for command environment
[0.107s] INFO:colcon.colcon_ros.task.ament_cmake.build:Building ROS package in '/home/jshipley/Documents/ros2_ws/src/ece3730/cpp_pubsub' with build type 'ament_cmake'
[0.107s] INFO:colcon.colcon_cmake.task.cmake.build:Building CMake package in '/home/jshipley/Documents/ros2_ws/src/ece3730/cpp_pubsub'
[0.107s] INFO:colcon.colcon_core.shell:Skip shell extension 'powershell' for command environment: Not usable outside of PowerShell
[0.107s] DEBUG:colcon.colcon_core.shell:Skip shell extension 'dsv' for command environment
[0.109s] INFO:colcon.colcon_ros.task.ament_cmake.build:Building ROS package in '/home/jshipley/Documents/ros2_ws/src/ece3730/cpp_srvcli' with build type 'ament_cmake'
[0.109s] INFO:colcon.colcon_cmake.task.cmake.build:Building CMake package in '/home/jshipley/Documents/ros2_ws/src/ece3730/cpp_srvcli'
[0.109s] INFO:colcon.colcon_core.shell:Skip shell extension 'powershell' for command environment: Not usable outside of PowerShell
[0.109s] DEBUG:colcon.colcon_core.shell:Skip shell extension 'dsv' for command environment
[0.110s] INFO:colcon.colcon_ros.task.ament_cmake.build:Building ROS package in '/home/jshipley/Documents/ros2_ws/src/ece3730/custom_action_cpp' with build type 'ament_cmake'
[0.111s] INFO:colcon.colcon_cmake.task.cmake.build:Building CMake package in '/home/jshipley/Documents/ros2_ws/src/ece3730/custom_action_cpp'
[0.111s] INFO:colcon.colcon_core.shell:Skip shell extension 'powershell' for command environment: Not usable outside of PowerShell
[0.111s] DEBUG:colcon.colcon_core.shell:Skip shell extension 'dsv' for command environment
[0.112s] INFO:colcon.colcon_ros.task.ament_cmake.build:Building ROS package in '/home/jshipley/Documents/ros2_ws/src/ece3730/week1' with build type 'ament_cmake'
[0.112s] INFO:colcon.colcon_cmake.task.cmake.build:Building CMake package in '/home/jshipley/Documents/ros2_ws/src/ece3730/week1'
[0.112s] INFO:colcon.colcon_core.shell:Skip shell extension 'powershell' for command environment: Not usable outside of PowerShell
[0.112s] DEBUG:colcon.colcon_core.shell:Skip shell extension 'dsv' for command environment
[0.115s] DEBUG:colcon.colcon_core.event_handler.log_command:Invoking command in '/home/jshipley/Documents/ros2_ws/src/ece3730/build/cpp_parameters': CMAKE_PREFIX_PATH=${CMAKE_PREFIX_PATH}:/opt/ros/jazzy DEBUGINFOD_URLS=https://debuginfod.ubuntu.com /usr/bin/cmake --build /home/jshipley/Documents/ros2_ws/src/ece3730/build/cpp_parameters -- -j32 -l32
[0.116s] DEBUG:colcon.colcon_core.event_handler.log_command:Invoking command in '/home/jshipley/Documents/ros2_ws/src/ece3730/build/cpp_pubsub': CMAKE_PREFIX_PATH=${CMAKE_PREFIX_PATH}:/opt/ros/jazzy DEBUGINFOD_URLS=https://debuginfod.ubuntu.com /usr/bin/cmake --build /home/jshipley/Documents/ros2_ws/src/ece3730/build/cpp_pubsub -- -j32 -l32
[0.117s] DEBUG:colcon.colcon_core.event_handler.log_command:Invoking command in '/home/jshipley/Documents/ros2_ws/src/ece3730/build/cpp_srvcli': CMAKE_PREFIX_PATH=${CMAKE_PREFIX_PATH}:/opt/ros/jazzy DEBUGINFOD_URLS=https://debuginfod.ubuntu.com /usr/bin/cmake --build /home/jshipley/Documents/ros2_ws/src/ece3730/build/cpp_srvcli -- -j32 -l32
[0.119s] DEBUG:colcon.colcon_core.event_handler.log_command:Invoking command in '/home/jshipley/Documents/ros2_ws/src/ece3730/build/custom_action_cpp': CMAKE_PREFIX_PATH=${CMAKE_PREFIX_PATH}:/opt/ros/jazzy DEBUGINFOD_URLS=https://debuginfod.ubuntu.com /usr/bin/cmake /home/jshipley/Documents/ros2_ws/src/ece3730/custom_action_cpp -DCMAKE_INSTALL_PREFIX=/home/jshipley/Documents/ros2_ws/src/ece3730/install/custom_action_cpp
[0.122s] DEBUG:colcon.colcon_core.event_handler.log_command:Invoking command in '/home/jshipley/Documents/ros2_ws/src/ece3730/build/week1': CMAKE_PREFIX_PATH=${CMAKE_PREFIX_PATH}:/opt/ros/jazzy DEBUGINFOD_URLS=https://debuginfod.ubuntu.com /usr/bin/cmake --build /home/jshipley/Documents/ros2_ws/src/ece3730/build/week1 -- -j32 -l32
[0.155s] DEBUG:colcon.colcon_core.event_handler.log_command:Invoked command in '/home/jshipley/Documents/ros2_ws/src/ece3730/build/cpp_pubsub' returned '0': CMAKE_PREFIX_PATH=${CMAKE_PREFIX_PATH}:/opt/ros/jazzy DEBUGINFOD_URLS=https://debuginfod.ubuntu.com /usr/bin/cmake --build /home/jshipley/Documents/ros2_ws/src/ece3730/build/cpp_pubsub -- -j32 -l32
[0.159s] DEBUG:colcon.colcon_core.event_handler.log_command:Invoking command in '/home/jshipley/Documents/ros2_ws/src/ece3730/build/cpp_pubsub': CMAKE_PREFIX_PATH=${CMAKE_PREFIX_PATH}:/opt/ros/jazzy DEBUGINFOD_URLS=https://debuginfod.ubuntu.com /usr/bin/cmake --install /home/jshipley/Documents/ros2_ws/src/ece3730/build/cpp_pubsub
[0.160s] DEBUG:colcon.colcon_core.event_handler.log_command:Invoked command in '/home/jshipley/Documents/ros2_ws/src/ece3730/build/cpp_parameters' returned '0': CMAKE_PREFIX_PATH=${CMAKE_PREFIX_PATH}:/opt/ros/jazzy DEBUGINFOD_URLS=https://debuginfod.ubuntu.com /usr/bin/cmake --build /home/jshipley/Documents/ros2_ws/src/ece3730/build/cpp_parameters -- -j32 -l32
[0.161s] DEBUG:colcon.colcon_core.event_handler.log_command:Invoking command in '/home/jshipley/Documents/ros2_ws/src/ece3730/build/cpp_parameters': CMAKE_PREFIX_PATH=${CMAKE_PREFIX_PATH}:/opt/ros/jazzy DEBUGINFOD_URLS=https://debuginfod.ubuntu.com /usr/bin/cmake --install /home/jshipley/Documents/ros2_ws/src/ece3730/build/cpp_parameters
[0.161s] DEBUG:colcon.colcon_core.event_handler.log_command:Invoked command in '/home/jshipley/Documents/ros2_ws/src/ece3730/build/cpp_srvcli' returned '0': CMAKE_PREFIX_PATH=${CMAKE_PREFIX_PATH}:/opt/ros/jazzy DEBUGINFOD_URLS=https://debuginfod.ubuntu.com /usr/bin/cmake --build /home/jshipley/Documents/ros2_ws/src/ece3730/build/cpp_srvcli -- -j32 -l32
[0.162s] DEBUG:colcon.colcon_core.event_handler.log_command:Invoking command in '/home/jshipley/Documents/ros2_ws/src/ece3730/build/cpp_srvcli': CMAKE_PREFIX_PATH=${CMAKE_PREFIX_PATH}:/opt/ros/jazzy DEBUGINFOD_URLS=https://debuginfod.ubuntu.com /usr/bin/cmake --install /home/jshipley/Documents/ros2_ws/src/ece3730/build/cpp_srvcli
[0.162s] DEBUG:colcon.colcon_core.event_handler.log_command:Invoked command in '/home/jshipley/Documents/ros2_ws/src/ece3730/build/week1' returned '0': CMAKE_PREFIX_PATH=${CMAKE_PREFIX_PATH}:/opt/ros/jazzy DEBUGINFOD_URLS=https://debuginfod.ubuntu.com /usr/bin/cmake --build /home/jshipley/Documents/ros2_ws/src/ece3730/build/week1 -- -j32 -l32
[0.162s] DEBUG:colcon.colcon_core.event_handler.log_command:Invoking command in '/home/jshipley/Documents/ros2_ws/src/ece3730/build/week1': CMAKE_PREFIX_PATH=${CMAKE_PREFIX_PATH}:/opt/ros/jazzy DEBUGINFOD_URLS=https://debuginfod.ubuntu.com /usr/bin/cmake --install /home/jshipley/Documents/ros2_ws/src/ece3730/build/week1
[0.165s] Level 1:colcon.colcon_core.environment:create_environment_scripts_only(cpp_pubsub)
[0.165s] DEBUG:colcon.colcon_core.event_handler.log_command:Invoked command in '/home/jshipley/Documents/ros2_ws/src/ece3730/build/cpp_pubsub' returned '0': CMAKE_PREFIX_PATH=${CMAKE_PREFIX_PATH}:/opt/ros/jazzy DEBUGINFOD_URLS=https://debuginfod.ubuntu.com /usr/bin/cmake --install /home/jshipley/Documents/ros2_ws/src/ece3730/build/cpp_pubsub
[0.170s] Level 1:colcon.colcon_core.environment:checking '/home/jshipley/Documents/ros2_ws/src/ece3730/install/cpp_pubsub' for CMake module files
[0.171s] Level 1:colcon.colcon_core.environment:checking '/home/jshipley/Documents/ros2_ws/src/ece3730/install/cpp_pubsub' for CMake config files
[0.171s] Level 1:colcon.colcon_core.shell:create_environment_hook('cpp_pubsub', 'cmake_prefix_path')
[0.171s] INFO:colcon.colcon_core.shell:Creating environment hook '/home/jshipley/Documents/ros2_ws/src/ece3730/install/cpp_pubsub/share/cpp_pubsub/hook/cmake_prefix_path.ps1'
[0.171s] INFO:colcon.colcon_core.shell:Creating environment descriptor '/home/jshipley/Documents/ros2_ws/src/ece3730/install/cpp_pubsub/share/cpp_pubsub/hook/cmake_prefix_path.dsv'
[0.171s] INFO:colcon.colcon_core.shell:Creating environment hook '/home/jshipley/Documents/ros2_ws/src/ece3730/install/cpp_pubsub/share/cpp_pubsub/hook/cmake_prefix_path.sh'
[0.172s] Level 1:colcon.colcon_core.environment:checking '/home/jshipley/Documents/ros2_ws/src/ece3730/install/cpp_pubsub/lib'
[0.172s] Level 1:colcon.colcon_core.environment:checking '/home/jshipley/Documents/ros2_ws/src/ece3730/install/cpp_pubsub/bin'
[0.172s] Level 1:colcon.colcon_core.environment:checking '/home/jshipley/Documents/ros2_ws/src/ece3730/install/cpp_pubsub/lib/pkgconfig/cpp_pubsub.pc'
[0.172s] Level 1:colcon.colcon_core.environment:checking '/home/jshipley/Documents/ros2_ws/src/ece3730/install/cpp_pubsub/lib/python3.12/site-packages'
[0.172s] Level 1:colcon.colcon_core.environment:checking '/home/jshipley/Documents/ros2_ws/src/ece3730/install/cpp_pubsub/bin'
[0.172s] INFO:colcon.colcon_core.shell:Creating package script '/home/jshipley/Documents/ros2_ws/src/ece3730/install/cpp_pubsub/share/cpp_pubsub/package.ps1'
[0.172s] INFO:colcon.colcon_core.shell:Creating package descriptor '/home/jshipley/Documents/ros2_ws/src/ece3730/install/cpp_pubsub/share/cpp_pubsub/package.dsv'
[0.173s] INFO:colcon.colcon_core.shell:Creating package script '/home/jshipley/Documents/ros2_ws/src/ece3730/install/cpp_pubsub/share/cpp_pubsub/package.sh'
[0.173s] INFO:colcon.colcon_core.shell:Creating package script '/home/jshipley/Documents/ros2_ws/src/ece3730/install/cpp_pubsub/share/cpp_pubsub/package.bash'
[0.173s] INFO:colcon.colcon_core.shell:Creating package script '/home/jshipley/Documents/ros2_ws/src/ece3730/install/cpp_pubsub/share/cpp_pubsub/package.zsh'
[0.173s] Level 1:colcon.colcon_core.environment:create_file_with_runtime_dependencies(/home/jshipley/Documents/ros2_ws/src/ece3730/install/cpp_pubsub/share/colcon-core/packages/cpp_pubsub)
[0.173s] Level 1:colcon.colcon_core.environment:create_environment_scripts_only(cpp_pubsub)
[0.174s] Level 1:colcon.colcon_core.environment:checking '/home/jshipley/Documents/ros2_ws/src/ece3730/install/cpp_pubsub' for CMake module files
[0.174s] Level 1:colcon.colcon_core.environment:checking '/home/jshipley/Documents/ros2_ws/src/ece3730/install/cpp_pubsub' for CMake config files
[0.174s] Level 1:colcon.colcon_core.shell:create_environment_hook('cpp_pubsub', 'cmake_prefix_path')
[0.174s] INFO:colcon.colcon_core.shell:Creating environment hook '/home/jshipley/Documents/ros2_ws/src/ece3730/install/cpp_pubsub/share/cpp_pubsub/hook/cmake_prefix_path.ps1'
[0.174s] INFO:colcon.colcon_core.shell:Creating environment descriptor '/home/jshipley/Documents/ros2_ws/src/ece3730/install/cpp_pubsub/share/cpp_pubsub/hook/cmake_prefix_path.dsv'
[0.174s] INFO:colcon.colcon_core.shell:Creating environment hook '/home/jshipley/Documents/ros2_ws/src/ece3730/install/cpp_pubsub/share/cpp_pubsub/hook/cmake_prefix_path.sh'
[0.174s] Level 1:colcon.colcon_core.environment:checking '/home/jshipley/Documents/ros2_ws/src/ece3730/install/cpp_pubsub/lib'
[0.174s] Level 1:colcon.colcon_core.environment:checking '/home/jshipley/Documents/ros2_ws/src/ece3730/install/cpp_pubsub/bin'
[0.174s] Level 1:colcon.colcon_core.environment:checking '/home/jshipley/Documents/ros2_ws/src/ece3730/install/cpp_pubsub/lib/pkgconfig/cpp_pubsub.pc'
[0.175s] Level 1:colcon.colcon_core.environment:checking '/home/jshipley/Documents/ros2_ws/src/ece3730/install/cpp_pubsub/lib/python3.12/site-packages'
[0.175s] Level 1:colcon.colcon_core.environment:checking '/home/jshipley/Documents/ros2_ws/src/ece3730/install/cpp_pubsub/bin'
[0.175s] INFO:colcon.colcon_core.shell:Creating package script '/home/jshipley/Documents/ros2_ws/src/ece3730/install/cpp_pubsub/share/cpp_pubsub/package.ps1'
[0.175s] INFO:colcon.colcon_core.shell:Creating package descriptor '/home/jshipley/Documents/ros2_ws/src/ece3730/install/cpp_pubsub/share/cpp_pubsub/package.dsv'
[0.175s] INFO:colcon.colcon_core.shell:Creating package script '/home/jshipley/Documents/ros2_ws/src/ece3730/install/cpp_pubsub/share/cpp_pubsub/package.sh'
[0.175s] INFO:colcon.colcon_core.shell:Creating package script '/home/jshipley/Documents/ros2_ws/src/ece3730/install/cpp_pubsub/share/cpp_pubsub/package.bash'
[0.175s] INFO:colcon.colcon_core.shell:Creating package script '/home/jshipley/Documents/ros2_ws/src/ece3730/install/cpp_pubsub/share/cpp_pubsub/package.zsh'
[0.175s] Level 1:colcon.colcon_core.environment:create_file_with_runtime_dependencies(/home/jshipley/Documents/ros2_ws/src/ece3730/install/cpp_pubsub/share/colcon-core/packages/cpp_pubsub)
[0.176s] Level 1:colcon.colcon_core.environment:create_environment_scripts_only(cpp_srvcli)
[0.176s] Level 1:colcon.colcon_core.environment:checking '/home/jshipley/Documents/ros2_ws/src/ece3730/install/cpp_srvcli' for CMake module files
[0.176s] Level 1:colcon.colcon_core.environment:checking '/home/jshipley/Documents/ros2_ws/src/ece3730/install/cpp_srvcli' for CMake config files
[0.177s] DEBUG:colcon.colcon_core.event_handler.log_command:Invoked command in '/home/jshipley/Documents/ros2_ws/src/ece3730/build/cpp_srvcli' returned '0': CMAKE_PREFIX_PATH=${CMAKE_PREFIX_PATH}:/opt/ros/jazzy DEBUGINFOD_URLS=https://debuginfod.ubuntu.com /usr/bin/cmake --install /home/jshipley/Documents/ros2_ws/src/ece3730/build/cpp_srvcli
[0.177s] Level 1:colcon.colcon_core.shell:create_environment_hook('cpp_srvcli', 'cmake_prefix_path')
[0.177s] INFO:colcon.colcon_core.shell:Creating environment hook '/home/jshipley/Documents/ros2_ws/src/ece3730/install/cpp_srvcli/share/cpp_srvcli/hook/cmake_prefix_path.ps1'
[0.177s] INFO:colcon.colcon_core.shell:Creating environment descriptor '/home/jshipley/Documents/ros2_ws/src/ece3730/install/cpp_srvcli/share/cpp_srvcli/hook/cmake_prefix_path.dsv'
[0.177s] INFO:colcon.colcon_core.shell:Creating environment hook '/home/jshipley/Documents/ros2_ws/src/ece3730/install/cpp_srvcli/share/cpp_srvcli/hook/cmake_prefix_path.sh'
[0.178s] Level 1:colcon.colcon_core.environment:checking '/home/jshipley/Documents/ros2_ws/src/ece3730/install/cpp_srvcli/lib'
[0.178s] Level 1:colcon.colcon_core.environment:checking '/home/jshipley/Documents/ros2_ws/src/ece3730/install/cpp_srvcli/bin'
[0.178s] Level 1:colcon.colcon_core.environment:checking '/home/jshipley/Documents/ros2_ws/src/ece3730/install/cpp_srvcli/lib/pkgconfig/cpp_srvcli.pc'
[0.178s] Level 1:colcon.colcon_core.environment:checking '/home/jshipley/Documents/ros2_ws/src/ece3730/install/cpp_srvcli/lib/python3.12/site-packages'
[0.178s] Level 1:colcon.colcon_core.environment:checking '/home/jshipley/Documents/ros2_ws/src/ece3730/install/cpp_srvcli/bin'
[0.178s] INFO:colcon.colcon_core.shell:Creating package script '/home/jshipley/Documents/ros2_ws/src/ece3730/install/cpp_srvcli/share/cpp_srvcli/package.ps1'
[0.179s] INFO:colcon.colcon_core.shell:Creating package descriptor '/home/jshipley/Documents/ros2_ws/src/ece3730/install/cpp_srvcli/share/cpp_srvcli/package.dsv'
[0.179s] INFO:colcon.colcon_core.shell:Creating package script '/home/jshipley/Documents/ros2_ws/src/ece3730/install/cpp_srvcli/share/cpp_srvcli/package.sh'
[0.179s] INFO:colcon.colcon_core.shell:Creating package script '/home/jshipley/Documents/ros2_ws/src/ece3730/install/cpp_srvcli/share/cpp_srvcli/package.bash'
[0.179s] INFO:colcon.colcon_core.shell:Creating package script '/home/jshipley/Documents/ros2_ws/src/ece3730/install/cpp_srvcli/share/cpp_srvcli/package.zsh'
[0.180s] Level 1:colcon.colcon_core.environment:create_file_with_runtime_dependencies(/home/jshipley/Documents/ros2_ws/src/ece3730/install/cpp_srvcli/share/colcon-core/packages/cpp_srvcli)
[0.180s] Level 1:colcon.colcon_core.environment:create_environment_scripts_only(cpp_srvcli)
[0.180s] Level 1:colcon.colcon_core.environment:checking '/home/jshipley/Documents/ros2_ws/src/ece3730/install/cpp_srvcli' for CMake module files
[0.180s] Level 1:colcon.colcon_core.environment:checking '/home/jshipley/Documents/ros2_ws/src/ece3730/install/cpp_srvcli' for CMake config files
[0.180s] Level 1:colcon.colcon_core.shell:create_environment_hook('cpp_srvcli', 'cmake_prefix_path')
[0.181s] INFO:colcon.colcon_core.shell:Creating environment hook '/home/jshipley/Documents/ros2_ws/src/ece3730/install/cpp_srvcli/share/cpp_srvcli/hook/cmake_prefix_path.ps1'
[0.181s] INFO:colcon.colcon_core.shell:Creating environment descriptor '/home/jshipley/Documents/ros2_ws/src/ece3730/install/cpp_srvcli/share/cpp_srvcli/hook/cmake_prefix_path.dsv'
[0.181s] INFO:colcon.colcon_core.shell:Creating environment hook '/home/jshipley/Documents/ros2_ws/src/ece3730/install/cpp_srvcli/share/cpp_srvcli/hook/cmake_prefix_path.sh'
[0.181s] Level 1:colcon.colcon_core.environment:checking '/home/jshipley/Documents/ros2_ws/src/ece3730/install/cpp_srvcli/lib'
[0.181s] Level 1:colcon.colcon_core.environment:checking '/home/jshipley/Documents/ros2_ws/src/ece3730/install/cpp_srvcli/bin'
[0.181s] Level 1:colcon.colcon_core.environment:checking '/home/jshipley/Documents/ros2_ws/src/ece3730/install/cpp_srvcli/lib/pkgconfig/cpp_srvcli.pc'
[0.182s] Level 1:colcon.colcon_core.environment:checking '/home/jshipley/Documents/ros2_ws/src/ece3730/install/cpp_srvcli/lib/python3.12/site-packages'
[0.182s] Level 1:colcon.colcon_core.environment:checking '/home/jshipley/Documents/ros2_ws/src/ece3730/install/cpp_srvcli/bin'
[0.182s] INFO:colcon.colcon_core.shell:Creating package script '/home/jshipley/Documents/ros2_ws/src/ece3730/install/cpp_srvcli/share/cpp_srvcli/package.ps1'
[0.182s] INFO:colcon.colcon_core.shell:Creating package descriptor '/home/jshipley/Documents/ros2_ws/src/ece3730/install/cpp_srvcli/share/cpp_srvcli/package.dsv'
[0.183s] INFO:colcon.colcon_core.shell:Creating package script '/home/jshipley/Documents/ros2_ws/src/ece3730/install/cpp_srvcli/share/cpp_srvcli/package.sh'
[0.183s] INFO:colcon.colcon_core.shell:Creating package script '/home/jshipley/Documents/ros2_ws/src/ece3730/install/cpp_srvcli/share/cpp_srvcli/package.bash'
[0.183s] INFO:colcon.colcon_core.shell:Creating package script '/home/jshipley/Documents/ros2_ws/src/ece3730/install/cpp_srvcli/share/cpp_srvcli/package.zsh'
[0.183s] Level 1:colcon.colcon_core.environment:create_file_with_runtime_dependencies(/home/jshipley/Documents/ros2_ws/src/ece3730/install/cpp_srvcli/share/colcon-core/packages/cpp_srvcli)
[0.184s] Level 1:colcon.colcon_core.environment:create_environment_scripts_only(week1)
[0.184s] Level 1:colcon.colcon_core.environment:checking '/home/jshipley/Documents/ros2_ws/src/ece3730/install/week1' for CMake module files
[0.184s] DEBUG:colcon.colcon_core.event_handler.log_command:Invoked command in '/home/jshipley/Documents/ros2_ws/src/ece3730/build/week1' returned '0': CMAKE_PREFIX_PATH=${CMAKE_PREFIX_PATH}:/opt/ros/jazzy DEBUGINFOD_URLS=https://debuginfod.ubuntu.com /usr/bin/cmake --install /home/jshipley/Documents/ros2_ws/src/ece3730/build/week1
[0.184s] Level 1:colcon.colcon_core.environment:checking '/home/jshipley/Documents/ros2_ws/src/ece3730/install/week1' for CMake config files
[0.184s] Level 1:colcon.colcon_core.shell:create_environment_hook('week1', 'cmake_prefix_path')
[0.184s] INFO:colcon.colcon_core.shell:Creating environment hook '/home/jshipley/Documents/ros2_ws/src/ece3730/install/week1/share/week1/hook/cmake_prefix_path.ps1'
[0.184s] INFO:colcon.colcon_core.shell:Creating environment descriptor '/home/jshipley/Documents/ros2_ws/src/ece3730/install/week1/share/week1/hook/cmake_prefix_path.dsv'
[0.185s] INFO:colcon.colcon_core.shell:Creating environment hook '/home/jshipley/Documents/ros2_ws/src/ece3730/install/week1/share/week1/hook/cmake_prefix_path.sh'
[0.185s] Level 1:colcon.colcon_core.environment:checking '/home/jshipley/Documents/ros2_ws/src/ece3730/install/week1/lib'
[0.185s] Level 1:colcon.colcon_core.environment:checking '/home/jshipley/Documents/ros2_ws/src/ece3730/install/week1/bin'
[0.185s] Level 1:colcon.colcon_core.environment:checking '/home/jshipley/Documents/ros2_ws/src/ece3730/install/week1/lib/pkgconfig/week1.pc'
[0.185s] Level 1:colcon.colcon_core.environment:checking '/home/jshipley/Documents/ros2_ws/src/ece3730/install/week1/lib/python3.12/site-packages'
[0.185s] Level 1:colcon.colcon_core.environment:checking '/home/jshipley/Documents/ros2_ws/src/ece3730/install/week1/bin'
[0.185s] INFO:colcon.colcon_core.shell:Creating package script '/home/jshipley/Documents/ros2_ws/src/ece3730/install/week1/share/week1/package.ps1'
[0.185s] INFO:colcon.colcon_core.shell:Creating package descriptor '/home/jshipley/Documents/ros2_ws/src/ece3730/install/week1/share/week1/package.dsv'
[0.185s] INFO:colcon.colcon_core.shell:Creating package script '/home/jshipley/Documents/ros2_ws/src/ece3730/install/week1/share/week1/package.sh'
[0.186s] INFO:colcon.colcon_core.shell:Creating package script '/home/jshipley/Documents/ros2_ws/src/ece3730/install/week1/share/week1/package.bash'
[0.186s] INFO:colcon.colcon_core.shell:Creating package script '/home/jshipley/Documents/ros2_ws/src/ece3730/install/week1/share/week1/package.zsh'
[0.186s] Level 1:colcon.colcon_core.environment:create_file_with_runtime_dependencies(/home/jshipley/Documents/ros2_ws/src/ece3730/install/week1/share/colcon-core/packages/week1)
[0.186s] Level 1:colcon.colcon_core.environment:create_environment_scripts_only(week1)
[0.186s] Level 1:colcon.colcon_core.environment:checking '/home/jshipley/Documents/ros2_ws/src/ece3730/install/week1' for CMake module files
[0.186s] Level 1:colcon.colcon_core.environment:checking '/home/jshipley/Documents/ros2_ws/src/ece3730/install/week1' for CMake config files
[0.186s] Level 1:colcon.colcon_core.shell:create_environment_hook('week1', 'cmake_prefix_path')
[0.186s] INFO:colcon.colcon_core.shell:Creating environment hook '/home/jshipley/Documents/ros2_ws/src/ece3730/install/week1/share/week1/hook/cmake_prefix_path.ps1'
[0.186s] INFO:colcon.colcon_core.shell:Creating environment descriptor '/home/jshipley/Documents/ros2_ws/src/ece3730/install/week1/share/week1/hook/cmake_prefix_path.dsv'
[0.187s] INFO:colcon.colcon_core.shell:Creating environment hook '/home/jshipley/Documents/ros2_ws/src/ece3730/install/week1/share/week1/hook/cmake_prefix_path.sh'
[0.187s] Level 1:colcon.colcon_core.environment:checking '/home/jshipley/Documents/ros2_ws/src/ece3730/install/week1/lib'
[0.187s] Level 1:colcon.colcon_core.environment:checking '/home/jshipley/Documents/ros2_ws/src/ece3730/install/week1/bin'
[0.187s] Level 1:colcon.colcon_core.environment:checking '/home/jshipley/Documents/ros2_ws/src/ece3730/install/week1/lib/pkgconfig/week1.pc'
[0.187s] Level 1:colcon.colcon_core.environment:checking '/home/jshipley/Documents/ros2_ws/src/ece3730/install/week1/lib/python3.12/site-packages'
[0.187s] Level 1:colcon.colcon_core.environment:checking '/home/jshipley/Documents/ros2_ws/src/ece3730/install/week1/bin'
[0.187s] INFO:colcon.colcon_core.shell:Creating package script '/home/jshipley/Documents/ros2_ws/src/ece3730/install/week1/share/week1/package.ps1'
[0.187s] INFO:colcon.colcon_core.shell:Creating package descriptor '/home/jshipley/Documents/ros2_ws/src/ece3730/install/week1/share/week1/package.dsv'
[0.187s] INFO:colcon.colcon_core.shell:Creating package script '/home/jshipley/Documents/ros2_ws/src/ece3730/install/week1/share/week1/package.sh'
[0.188s] INFO:colcon.colcon_core.shell:Creating package script '/home/jshipley/Documents/ros2_ws/src/ece3730/install/week1/share/week1/package.bash'
[0.188s] INFO:colcon.colcon_core.shell:Creating package script '/home/jshipley/Documents/ros2_ws/src/ece3730/install/week1/share/week1/package.zsh'
[0.188s] Level 1:colcon.colcon_core.environment:create_file_with_runtime_dependencies(/home/jshipley/Documents/ros2_ws/src/ece3730/install/week1/share/colcon-core/packages/week1)
[0.188s] Level 1:colcon.colcon_core.environment:create_environment_scripts_only(cpp_parameters)
[0.188s] Level 1:colcon.colcon_core.environment:checking '/home/jshipley/Documents/ros2_ws/src/ece3730/install/cpp_parameters' for CMake module files
[0.188s] DEBUG:colcon.colcon_core.event_handler.log_command:Invoked command in '/home/jshipley/Documents/ros2_ws/src/ece3730/build/cpp_parameters' returned '0': CMAKE_PREFIX_PATH=${CMAKE_PREFIX_PATH}:/opt/ros/jazzy DEBUGINFOD_URLS=https://debuginfod.ubuntu.com /usr/bin/cmake --install /home/jshipley/Documents/ros2_ws/src/ece3730/build/cpp_parameters
[0.188s] Level 1:colcon.colcon_core.environment:checking '/home/jshipley/Documents/ros2_ws/src/ece3730/install/cpp_parameters' for CMake config files
[0.188s] Level 1:colcon.colcon_core.shell:create_environment_hook('cpp_parameters', 'cmake_prefix_path')
[0.188s] INFO:colcon.colcon_core.shell:Creating environment hook '/home/jshipley/Documents/ros2_ws/src/ece3730/install/cpp_parameters/share/cpp_parameters/hook/cmake_prefix_path.ps1'
[0.189s] INFO:colcon.colcon_core.shell:Creating environment descriptor '/home/jshipley/Documents/ros2_ws/src/ece3730/install/cpp_parameters/share/cpp_parameters/hook/cmake_prefix_path.dsv'
[0.189s] INFO:colcon.colcon_core.shell:Creating environment hook '/home/jshipley/Documents/ros2_ws/src/ece3730/install/cpp_parameters/share/cpp_parameters/hook/cmake_prefix_path.sh'
[0.189s] Level 1:colcon.colcon_core.environment:checking '/home/jshipley/Documents/ros2_ws/src/ece3730/install/cpp_parameters/lib'
[0.189s] Level 1:colcon.colcon_core.environment:checking '/home/jshipley/Documents/ros2_ws/src/ece3730/install/cpp_parameters/bin'
[0.189s] Level 1:colcon.colcon_core.environment:checking '/home/jshipley/Documents/ros2_ws/src/ece3730/install/cpp_parameters/lib/pkgconfig/cpp_parameters.pc'
[0.189s] Level 1:colcon.colcon_core.environment:checking '/home/jshipley/Documents/ros2_ws/src/ece3730/install/cpp_parameters/lib/python3.12/site-packages'
[0.189s] Level 1:colcon.colcon_core.environment:checking '/home/jshipley/Documents/ros2_ws/src/ece3730/install/cpp_parameters/bin'
[0.189s] INFO:colcon.colcon_core.shell:Creating package script '/home/jshipley/Documents/ros2_ws/src/ece3730/install/cpp_parameters/share/cpp_parameters/package.ps1'
[0.189s] INFO:colcon.colcon_core.shell:Creating package descriptor '/home/jshipley/Documents/ros2_ws/src/ece3730/install/cpp_parameters/share/cpp_parameters/package.dsv'
[0.190s] INFO:colcon.colcon_core.shell:Creating package script '/home/jshipley/Documents/ros2_ws/src/ece3730/install/cpp_parameters/share/cpp_parameters/package.sh'
[0.190s] INFO:colcon.colcon_core.shell:Creating package script '/home/jshipley/Documents/ros2_ws/src/ece3730/install/cpp_parameters/share/cpp_parameters/package.bash'
[0.190s] INFO:colcon.colcon_core.shell:Creating package script '/home/jshipley/Documents/ros2_ws/src/ece3730/install/cpp_parameters/share/cpp_parameters/package.zsh'
[0.190s] Level 1:colcon.colcon_core.environment:create_file_with_runtime_dependencies(/home/jshipley/Documents/ros2_ws/src/ece3730/install/cpp_parameters/share/colcon-core/packages/cpp_parameters)
[0.190s] Level 1:colcon.colcon_core.environment:create_environment_scripts_only(cpp_parameters)
[0.190s] Level 1:colcon.colcon_core.environment:checking '/home/jshipley/Documents/ros2_ws/src/ece3730/install/cpp_parameters' for CMake module files
[0.190s] Level 1:colcon.colcon_core.environment:checking '/home/jshipley/Documents/ros2_ws/src/ece3730/install/cpp_parameters' for CMake config files
[0.190s] Level 1:colcon.colcon_core.shell:create_environment_hook('cpp_parameters', 'cmake_prefix_path')
[0.190s] INFO:colcon.colcon_core.shell:Creating environment hook '/home/jshipley/Documents/ros2_ws/src/ece3730/install/cpp_parameters/share/cpp_parameters/hook/cmake_prefix_path.ps1'
[0.191s] INFO:colcon.colcon_core.shell:Creating environment descriptor '/home/jshipley/Documents/ros2_ws/src/ece3730/install/cpp_parameters/share/cpp_parameters/hook/cmake_prefix_path.dsv'
[0.191s] INFO:colcon.colcon_core.shell:Creating environment hook '/home/jshipley/Documents/ros2_ws/src/ece3730/install/cpp_parameters/share/cpp_parameters/hook/cmake_prefix_path.sh'
[0.191s] Level 1:colcon.colcon_core.environment:checking '/home/jshipley/Documents/ros2_ws/src/ece3730/install/cpp_parameters/lib'
[0.191s] Level 1:colcon.colcon_core.environment:checking '/home/jshipley/Documents/ros2_ws/src/ece3730/install/cpp_parameters/bin'
[0.191s] Level 1:colcon.colcon_core.environment:checking '/home/jshipley/Documents/ros2_ws/src/ece3730/install/cpp_parameters/lib/pkgconfig/cpp_parameters.pc'
[0.191s] Level 1:colcon.colcon_core.environment:checking '/home/jshipley/Documents/ros2_ws/src/ece3730/install/cpp_parameters/lib/python3.12/site-packages'
[0.191s] Level 1:colcon.colcon_core.environment:checking '/home/jshipley/Documents/ros2_ws/src/ece3730/install/cpp_parameters/bin'
[0.191s] INFO:colcon.colcon_core.shell:Creating package script '/home/jshipley/Documents/ros2_ws/src/ece3730/install/cpp_parameters/share/cpp_parameters/package.ps1'
[0.192s] INFO:colcon.colcon_core.shell:Creating package descriptor '/home/jshipley/Documents/ros2_ws/src/ece3730/install/cpp_parameters/share/cpp_parameters/package.dsv'
[0.192s] INFO:colcon.colcon_core.shell:Creating package script '/home/jshipley/Documents/ros2_ws/src/ece3730/install/cpp_parameters/share/cpp_parameters/package.sh'
[0.192s] INFO:colcon.colcon_core.shell:Creating package script '/home/jshipley/Documents/ros2_ws/src/ece3730/install/cpp_parameters/share/cpp_parameters/package.bash'
[0.192s] INFO:colcon.colcon_core.shell:Creating package script '/home/jshipley/Documents/ros2_ws/src/ece3730/install/cpp_parameters/share/cpp_parameters/package.zsh'
[0.192s] Level 1:colcon.colcon_core.environment:create_file_with_runtime_dependencies(/home/jshipley/Documents/ros2_ws/src/ece3730/install/cpp_parameters/share/colcon-core/packages/cpp_parameters)
[0.448s] DEBUG:colcon.colcon_core.event_handler.log_command:Invoked command in '/home/jshipley/Documents/ros2_ws/src/ece3730/build/custom_action_cpp' returned '1': CMAKE_PREFIX_PATH=${CMAKE_PREFIX_PATH}:/opt/ros/jazzy DEBUGINFOD_URLS=https://debuginfod.ubuntu.com /usr/bin/cmake /home/jshipley/Documents/ros2_ws/src/ece3730/custom_action_cpp -DCMAKE_INSTALL_PREFIX=/home/jshipley/Documents/ros2_ws/src/ece3730/install/custom_action_cpp
[0.456s] Level 1:colcon.colcon_core.environment:create_environment_scripts_only(custom_action_cpp)
[0.456s] Level 1:colcon.colcon_core.environment:checking '/home/jshipley/Documents/ros2_ws/src/ece3730/install/custom_action_cpp' for CMake module files
[0.456s] Level 1:colcon.colcon_core.environment:checking '/home/jshipley/Documents/ros2_ws/src/ece3730/install/custom_action_cpp' for CMake config files
[0.456s] Level 1:colcon.colcon_core.environment:checking '/home/jshipley/Documents/ros2_ws/src/ece3730/install/custom_action_cpp/bin'
[0.456s] Level 1:colcon.colcon_core.environment:checking '/home/jshipley/Documents/ros2_ws/src/ece3730/install/custom_action_cpp/lib/pkgconfig/custom_action_cpp.pc'
[0.456s] Level 1:colcon.colcon_core.environment:checking '/home/jshipley/Documents/ros2_ws/src/ece3730/install/custom_action_cpp/lib/python3.12/site-packages'
[0.456s] Level 1:colcon.colcon_core.environment:checking '/home/jshipley/Documents/ros2_ws/src/ece3730/install/custom_action_cpp/bin'
[0.456s] INFO:colcon.colcon_core.shell:Creating package script '/home/jshipley/Documents/ros2_ws/src/ece3730/install/custom_action_cpp/share/custom_action_cpp/package.ps1'
[0.456s] INFO:colcon.colcon_core.shell:Creating package descriptor '/home/jshipley/Documents/ros2_ws/src/ece3730/install/custom_action_cpp/share/custom_action_cpp/package.dsv'
[0.457s] INFO:colcon.colcon_core.shell:Creating package script '/home/jshipley/Documents/ros2_ws/src/ece3730/install/custom_action_cpp/share/custom_action_cpp/package.sh'
[0.457s] INFO:colcon.colcon_core.shell:Creating package script '/home/jshipley/Documents/ros2_ws/src/ece3730/install/custom_action_cpp/share/custom_action_cpp/package.bash'
[0.457s] INFO:colcon.colcon_core.shell:Creating package script '/home/jshipley/Documents/ros2_ws/src/ece3730/install/custom_action_cpp/share/custom_action_cpp/package.zsh'
[0.457s] Level 1:colcon.colcon_core.environment:create_file_with_runtime_dependencies(/home/jshipley/Documents/ros2_ws/src/ece3730/install/custom_action_cpp/share/colcon-core/packages/custom_action_cpp)
[0.467s] DEBUG:colcon.colcon_parallel_executor.executor.parallel:closing loop
[0.467s] DEBUG:colcon.colcon_parallel_executor.executor.parallel:loop closed
[0.467s] DEBUG:colcon.colcon_parallel_executor.executor.parallel:run_until_complete finished with '1'
[0.467s] DEBUG:colcon.colcon_core.event_reactor:joining thread
[0.470s] INFO:colcon.colcon_core.plugin_system:Skipping extension 'colcon_notification.desktop_notification.terminal_notifier': Not used on non-Darwin systems
[0.470s] INFO:colcon.colcon_core.plugin_system:Skipping extension 'colcon_notification.desktop_notification.win32': Not used on non-Windows systems
[0.470s] INFO:colcon.colcon_notification.desktop_notification:Sending desktop notification using 'notify2'
[0.478s] DEBUG:colcon.colcon_core.event_reactor:joined thread
[0.478s] INFO:colcon.colcon_core.shell:Creating prefix script '/home/jshipley/Documents/ros2_ws/src/ece3730/install/local_setup.ps1'
[0.479s] INFO:colcon.colcon_core.shell:Creating prefix util module '/home/jshipley/Documents/ros2_ws/src/ece3730/install/_local_setup_util_ps1.py'
[0.479s] INFO:colcon.colcon_core.shell:Creating prefix chain script '/home/jshipley/Documents/ros2_ws/src/ece3730/install/setup.ps1'
[0.479s] INFO:colcon.colcon_core.shell:Creating prefix script '/home/jshipley/Documents/ros2_ws/src/ece3730/install/local_setup.sh'
[0.479s] INFO:colcon.colcon_core.shell:Creating prefix util module '/home/jshipley/Documents/ros2_ws/src/ece3730/install/_local_setup_util_sh.py'
[0.480s] INFO:colcon.colcon_core.shell:Creating prefix chain script '/home/jshipley/Documents/ros2_ws/src/ece3730/install/setup.sh'
[0.480s] INFO:colcon.colcon_core.shell:Creating prefix script '/home/jshipley/Documents/ros2_ws/src/ece3730/install/local_setup.bash'
[0.480s] INFO:colcon.colcon_core.shell:Creating prefix chain script '/home/jshipley/Documents/ros2_ws/src/ece3730/install/setup.bash'
[0.480s] INFO:colcon.colcon_core.shell:Creating prefix script '/home/jshipley/Documents/ros2_ws/src/ece3730/install/local_setup.zsh'
[0.481s] INFO:colcon.colcon_core.shell:Creating prefix chain script '/home/jshipley/Documents/ros2_ws/src/ece3730/install/setup.zsh'
