[0.011s] Invoking command in '/home/jshipley/Documents/ros2_ws/src/ece3730/build/cpp_parameters': CMAKE_PREFIX_PATH=${CMAKE_PREFIX_PATH}:/opt/ros/jazzy DEBUGINFOD_URLS=https://debuginfod.ubuntu.com /usr/bin/cmake --build /home/jshipley/Documents/ros2_ws/src/ece3730/build/cpp_parameters -- -j32 -l32
[0.046s] [100%] Built target minimal_param_node
[0.056s] Invoked command in '/home/jshipley/Documents/ros2_ws/src/ece3730/build/cpp_parameters' returned '0': CMAKE_PREFIX_PATH=${CMAKE_PREFIX_PATH}:/opt/ros/jazzy DEBUGINFOD_URLS=https://debuginfod.ubuntu.com /usr/bin/cmake --build /home/jshipley/Documents/ros2_ws/src/ece3730/build/cpp_parameters -- -j32 -l32
[0.056s] Invoking command in '/home/jshipley/Documents/ros2_ws/src/ece3730/build/cpp_parameters': CMAKE_PREFIX_PATH=${CMAKE_PREFIX_PATH}:/opt/ros/jazzy DEBUGINFOD_URLS=https://debuginfod.ubuntu.com /usr/bin/cmake --install /home/jshipley/Documents/ros2_ws/src/ece3730/build/cpp_parameters
[0.061s] -- Install configuration: ""
[0.061s] -- Up-to-date: /home/jshipley/Documents/ros2_ws/src/ece3730/install/cpp_parameters/lib/cpp_parameters/minimal_param_node
[0.061s] -- Up-to-date: /home/jshipley/Documents/ros2_ws/src/ece3730/install/cpp_parameters/share/ament_index/resource_index/package_run_dependencies/cpp_parameters
[0.062s] -- Up-to-date: /home/jshipley/Documents/ros2_ws/src/ece3730/install/cpp_parameters/share/ament_index/resource_index/parent_prefix_path/cpp_parameters
[0.062s] -- Up-to-date: /home/jshipley/Documents/ros2_ws/src/ece3730/install/cpp_parameters/share/cpp_parameters/environment/ament_prefix_path.sh
[0.062s] -- Up-to-date: /home/jshipley/Documents/ros2_ws/src/ece3730/install/cpp_parameters/share/cpp_parameters/environment/ament_prefix_path.dsv
[0.062s] -- Up-to-date: /home/jshipley/Documents/ros2_ws/src/ece3730/install/cpp_parameters/share/cpp_parameters/environment/path.sh
[0.062s] -- Up-to-date: /home/jshipley/Documents/ros2_ws/src/ece3730/install/cpp_parameters/share/cpp_parameters/environment/path.dsv
[0.062s] -- Up-to-date: /home/jshipley/Documents/ros2_ws/src/ece3730/install/cpp_parameters/share/cpp_parameters/local_setup.bash
[0.062s] -- Up-to-date: /home/jshipley/Documents/ros2_ws/src/ece3730/install/cpp_parameters/share/cpp_parameters/local_setup.sh
[0.062s] -- Up-to-date: /home/jshipley/Documents/ros2_ws/src/ece3730/install/cpp_parameters/share/cpp_parameters/local_setup.zsh
[0.062s] -- Up-to-date: /home/jshipley/Documents/ros2_ws/src/ece3730/install/cpp_parameters/share/cpp_parameters/local_setup.dsv
[0.062s] -- Installing: /home/jshipley/Documents/ros2_ws/src/ece3730/install/cpp_parameters/share/cpp_parameters/package.dsv
[0.062s] -- Up-to-date: /home/jshipley/Documents/ros2_ws/src/ece3730/install/cpp_parameters/share/ament_index/resource_index/packages/cpp_parameters
[0.062s] -- Up-to-date: /home/jshipley/Documents/ros2_ws/src/ece3730/install/cpp_parameters/share/cpp_parameters/cmake/cpp_parametersConfig.cmake
[0.062s] -- Up-to-date: /home/jshipley/Documents/ros2_ws/src/ece3730/install/cpp_parameters/share/cpp_parameters/cmake/cpp_parametersConfig-version.cmake
[0.063s] -- Up-to-date: /home/jshipley/Documents/ros2_ws/src/ece3730/install/cpp_parameters/share/cpp_parameters/package.xml
[0.084s] Invoked command in '/home/jshipley/Documents/ros2_ws/src/ece3730/build/cpp_parameters' returned '0': CMAKE_PREFIX_PATH=${CMAKE_PREFIX_PATH}:/opt/ros/jazzy DEBUGINFOD_URLS=https://debuginfod.ubuntu.com /usr/bin/cmake --install /home/jshipley/Documents/ros2_ws/src/ece3730/build/cpp_parameters
