[0.008s] Invoking command in '/home/jshipley/Documents/ros2_ws/src/ece3730/build/cpp_srvcli': CMAKE_PREFIX_PATH=${CMAKE_PREFIX_PATH}:/opt/ros/jazzy DEBUGINFOD_URLS=https://debuginfod.ubuntu.com /usr/bin/cmake --build /home/jshipley/Documents/ros2_ws/src/ece3730/build/cpp_srvcli -- -j32 -l32
[0.039s] [ 50%] Built target server
[0.041s] [100%] Built target client
[0.052s] Invoked command in '/home/jshipley/Documents/ros2_ws/src/ece3730/build/cpp_srvcli' returned '0': CMAKE_PREFIX_PATH=${CMAKE_PREFIX_PATH}:/opt/ros/jazzy DEBUGINFOD_URLS=https://debuginfod.ubuntu.com /usr/bin/cmake --build /home/jshipley/Documents/ros2_ws/src/ece3730/build/cpp_srvcli -- -j32 -l32
[0.052s] Invoking command in '/home/jshipley/Documents/ros2_ws/src/ece3730/build/cpp_srvcli': CMAKE_PREFIX_PATH=${CMAKE_PREFIX_PATH}:/opt/ros/jazzy DEBUGINFOD_URLS=https://debuginfod.ubuntu.com /usr/bin/cmake --install /home/jshipley/Documents/ros2_ws/src/ece3730/build/cpp_srvcli
[0.058s] -- Install configuration: ""
[0.058s] -- Up-to-date: /home/jshipley/Documents/ros2_ws/src/ece3730/install/cpp_srvcli/lib/cpp_srvcli/server
[0.058s] -- Up-to-date: /home/jshipley/Documents/ros2_ws/src/ece3730/install/cpp_srvcli/lib/cpp_srvcli/client
[0.058s] -- Up-to-date: /home/jshipley/Documents/ros2_ws/src/ece3730/install/cpp_srvcli/share/ament_index/resource_index/package_run_dependencies/cpp_srvcli
[0.058s] -- Up-to-date: /home/jshipley/Documents/ros2_ws/src/ece3730/install/cpp_srvcli/share/ament_index/resource_index/parent_prefix_path/cpp_srvcli
[0.058s] -- Up-to-date: /home/jshipley/Documents/ros2_ws/src/ece3730/install/cpp_srvcli/share/cpp_srvcli/environment/ament_prefix_path.sh
[0.058s] -- Up-to-date: /home/jshipley/Documents/ros2_ws/src/ece3730/install/cpp_srvcli/share/cpp_srvcli/environment/ament_prefix_path.dsv
[0.058s] -- Up-to-date: /home/jshipley/Documents/ros2_ws/src/ece3730/install/cpp_srvcli/share/cpp_srvcli/environment/path.sh
[0.058s] -- Up-to-date: /home/jshipley/Documents/ros2_ws/src/ece3730/install/cpp_srvcli/share/cpp_srvcli/environment/path.dsv
[0.058s] -- Up-to-date: /home/jshipley/Documents/ros2_ws/src/ece3730/install/cpp_srvcli/share/cpp_srvcli/local_setup.bash
[0.059s] -- Up-to-date: /home/jshipley/Documents/ros2_ws/src/ece3730/install/cpp_srvcli/share/cpp_srvcli/local_setup.sh
[0.059s] -- Up-to-date: /home/jshipley/Documents/ros2_ws/src/ece3730/install/cpp_srvcli/share/cpp_srvcli/local_setup.zsh
[0.059s] -- Up-to-date: /home/jshipley/Documents/ros2_ws/src/ece3730/install/cpp_srvcli/share/cpp_srvcli/local_setup.dsv
[0.059s] -- Installing: /home/jshipley/Documents/ros2_ws/src/ece3730/install/cpp_srvcli/share/cpp_srvcli/package.dsv
[0.059s] -- Up-to-date: /home/jshipley/Documents/ros2_ws/src/ece3730/install/cpp_srvcli/share/ament_index/resource_index/packages/cpp_srvcli
[0.059s] -- Up-to-date: /home/jshipley/Documents/ros2_ws/src/ece3730/install/cpp_srvcli/share/cpp_srvcli/cmake/cpp_srvcliConfig.cmake
[0.059s] -- Up-to-date: /home/jshipley/Documents/ros2_ws/src/ece3730/install/cpp_srvcli/share/cpp_srvcli/cmake/cpp_srvcliConfig-version.cmake
[0.059s] -- Up-to-date: /home/jshipley/Documents/ros2_ws/src/ece3730/install/cpp_srvcli/share/cpp_srvcli/package.xml
[0.067s] Invoked command in '/home/jshipley/Documents/ros2_ws/src/ece3730/build/cpp_srvcli' returned '0': CMAKE_PREFIX_PATH=${CMAKE_PREFIX_PATH}:/opt/ros/jazzy DEBUGINFOD_URLS=https://debuginfod.ubuntu.com /usr/bin/cmake --install /home/jshipley/Documents/ros2_ws/src/ece3730/build/cpp_srvcli
