[0.012s] Invoking command in '/home/jshipley/Documents/ros2_ws/src/ece3730/build/robot': CMAKE_PREFIX_PATH=${CMAKE_PREFIX_PATH}:/home/jshipley/Documents/ros2_ws/install/launch_testing_examples:/home/jshipley/Documents/ros2_ws/install/examples_rclpy_pointcloud_publisher:/home/jshipley/Documents/ros2_ws/install/examples_rclpy_minimal_subscriber:/home/jshipley/Documents/ros2_ws/install/examples_rclpy_minimal_service:/home/jshipley/Documents/ros2_ws/install/examples_rclpy_minimal_publisher:/home/jshipley/Documents/ros2_ws/install/examples_rclpy_minimal_client:/home/jshipley/Documents/ros2_ws/install/examples_rclpy_minimal_action_server:/home/jshipley/Documents/ros2_ws/install/examples_rclpy_minimal_action_client:/home/jshipley/Documents/ros2_ws/install/examples_rclpy_guard_conditions:/home/jshipley/Documents/ros2_ws/install/examples_rclpy_executors:/opt/ros/jazzy DEBUGINFOD_URLS=https://debuginfod.ubuntu.com /usr/bin/cmake /home/jshipley/Documents/ros2_ws/src/ece3730/robot -DCMAKE_INSTALL_PREFIX=/home/jshipley/Documents/ros2_ws/src/ece3730/install/robot
[0.046s] -- The C compiler identification is GNU 13.3.0
[0.083s] -- The CXX compiler identification is GNU 13.3.0
[0.093s] -- Detecting C compiler ABI info
[0.139s] -- Detecting C compiler ABI info - done
[0.147s] -- Check for working C compiler: /usr/bin/cc - skipped
[0.147s] -- Detecting C compile features
[0.148s] -- Detecting C compile features - done
[0.153s] -- Detecting CXX compiler ABI info
[0.209s] -- Detecting CXX compiler ABI info - done
[0.214s] -- Check for working CXX compiler: /usr/bin/c++ - skipped
[0.214s] -- Detecting CXX compile features
[0.214s] -- Detecting CXX compile features - done
[0.216s] -- Found ament_cmake: 2.5.3 (/opt/ros/jazzy/share/ament_cmake/cmake)
[0.315s] -- Found Python3: /usr/bin/python3 (found version "3.12.3") found components: Interpreter 
[0.379s] -- Found ament_lint_auto: 0.17.1 (/opt/ros/jazzy/share/ament_lint_auto/cmake)
[0.438s] -- Added test 'lint_cmake' to check CMake code style
[0.438s] -- Added test 'xmllint' to check XML markup files
[0.439s] -- Configuring done (0.4s)
[0.440s] -- Generating done (0.0s)
[0.441s] -- Build files have been written to: /home/jshipley/Documents/ros2_ws/src/ece3730/build/robot
