[0.007s] Invoking command in '/home/jshipley/Documents/ros2_ws/src/ece3730/build/cpp_srvcli': CMAKE_PREFIX_PATH=${CMAKE_PREFIX_PATH}:/opt/ros/jazzy DEBUGINFOD_URLS=https://debuginfod.ubuntu.com /usr/bin/cmake --build /home/jshipley/Documents/ros2_ws/src/ece3730/build/cpp_srvcli -- -j32 -l32
[0.021s] -- Found ament_cmake: 2.5.3 (/opt/ros/jazzy/share/ament_cmake/cmake)
[0.144s] -- Found rclcpp: 28.1.6 (/opt/ros/jazzy/share/rclcpp/cmake)
[0.156s] -- Found rosidl_generator_c: 4.6.5 (/opt/ros/jazzy/share/rosidl_generator_c/cmake)
[0.160s] -- Found rosidl_generator_cpp: 4.6.5 (/opt/ros/jazzy/share/rosidl_generator_cpp/cmake)
[0.165s] -- Using all available rosidl_typesupport_c: rosidl_typesupport_fastrtps_c;rosidl_typesupport_introspection_c
[0.171s] -- Using all available rosidl_typesupport_cpp: rosidl_typesupport_fastrtps_cpp;rosidl_typesupport_introspection_cpp
[0.200s] -- Found rmw_implementation_cmake: 7.3.1 (/opt/ros/jazzy/share/rmw_implementation_cmake/cmake)
[0.200s] -- Found rmw_fastrtps_cpp: 8.4.1 (/opt/ros/jazzy/share/rmw_fastrtps_cpp/cmake)
[0.240s] -- Using RMW implementation 'rmw_fastrtps_cpp' as default
[0.281s] -- Found example_interfaces: 0.12.0 (/opt/ros/jazzy/share/example_interfaces/cmake)
[0.306s] -- Found ament_lint_auto: 0.17.1 (/opt/ros/jazzy/share/ament_lint_auto/cmake)
[0.350s] -- Added test 'cppcheck' to perform static code analysis on C / C++ code
[0.350s] -- Configured cppcheck include dirs: 
[0.350s] -- Configured cppcheck exclude dirs and/or files: 
[0.350s] -- Added test 'lint_cmake' to check CMake code style
[0.350s] -- Added test 'uncrustify' to check C / C++ code style
[0.350s] -- Configured uncrustify additional arguments: 
[0.350s] -- Added test 'xmllint' to check XML markup files
[0.351s] -- Configuring done (0.3s)
[0.357s] -- Generating done (0.0s)
[0.359s] -- Build files have been written to: /home/jshipley/Documents/ros2_ws/src/ece3730/build/cpp_srvcli
[0.386s] [ 25%] [32mBuilding CXX object CMakeFiles/client.dir/src/add_two_ints_client.cpp.o[0m
[0.387s] [ 75%] Built target server
[1.836s] [100%] [32m[1mLinking CXX executable client[0m
[1.910s] [100%] Built target client
[1.920s] Invoked command in '/home/jshipley/Documents/ros2_ws/src/ece3730/build/cpp_srvcli' returned '0': CMAKE_PREFIX_PATH=${CMAKE_PREFIX_PATH}:/opt/ros/jazzy DEBUGINFOD_URLS=https://debuginfod.ubuntu.com /usr/bin/cmake --build /home/jshipley/Documents/ros2_ws/src/ece3730/build/cpp_srvcli -- -j32 -l32
[1.920s] Invoking command in '/home/jshipley/Documents/ros2_ws/src/ece3730/build/cpp_srvcli': CMAKE_PREFIX_PATH=${CMAKE_PREFIX_PATH}:/opt/ros/jazzy DEBUGINFOD_URLS=https://debuginfod.ubuntu.com /usr/bin/cmake --install /home/jshipley/Documents/ros2_ws/src/ece3730/build/cpp_srvcli
[1.924s] -- Install configuration: ""
[1.924s] -- Up-to-date: /home/jshipley/Documents/ros2_ws/src/ece3730/install/cpp_srvcli/lib/cpp_srvcli/server
[1.924s] -- Installing: /home/jshipley/Documents/ros2_ws/src/ece3730/install/cpp_srvcli/lib/cpp_srvcli/client
[1.924s] -- Set non-toolchain portion of runtime path of "/home/jshipley/Documents/ros2_ws/src/ece3730/install/cpp_srvcli/lib/cpp_srvcli/client" to ""
[1.924s] -- Up-to-date: /home/jshipley/Documents/ros2_ws/src/ece3730/install/cpp_srvcli/share/ament_index/resource_index/package_run_dependencies/cpp_srvcli
[1.924s] -- Installing: /home/jshipley/Documents/ros2_ws/src/ece3730/install/cpp_srvcli/share/ament_index/resource_index/parent_prefix_path/cpp_srvcli
[1.925s] -- Up-to-date: /home/jshipley/Documents/ros2_ws/src/ece3730/install/cpp_srvcli/share/cpp_srvcli/environment/ament_prefix_path.sh
[1.925s] -- Up-to-date: /home/jshipley/Documents/ros2_ws/src/ece3730/install/cpp_srvcli/share/cpp_srvcli/environment/ament_prefix_path.dsv
[1.925s] -- Up-to-date: /home/jshipley/Documents/ros2_ws/src/ece3730/install/cpp_srvcli/share/cpp_srvcli/environment/path.sh
[1.925s] -- Up-to-date: /home/jshipley/Documents/ros2_ws/src/ece3730/install/cpp_srvcli/share/cpp_srvcli/environment/path.dsv
[1.925s] -- Up-to-date: /home/jshipley/Documents/ros2_ws/src/ece3730/install/cpp_srvcli/share/cpp_srvcli/local_setup.bash
[1.925s] -- Up-to-date: /home/jshipley/Documents/ros2_ws/src/ece3730/install/cpp_srvcli/share/cpp_srvcli/local_setup.sh
[1.925s] -- Up-to-date: /home/jshipley/Documents/ros2_ws/src/ece3730/install/cpp_srvcli/share/cpp_srvcli/local_setup.zsh
[1.925s] -- Up-to-date: /home/jshipley/Documents/ros2_ws/src/ece3730/install/cpp_srvcli/share/cpp_srvcli/local_setup.dsv
[1.925s] -- Installing: /home/jshipley/Documents/ros2_ws/src/ece3730/install/cpp_srvcli/share/cpp_srvcli/package.dsv
[1.925s] -- Up-to-date: /home/jshipley/Documents/ros2_ws/src/ece3730/install/cpp_srvcli/share/ament_index/resource_index/packages/cpp_srvcli
[1.925s] -- Up-to-date: /home/jshipley/Documents/ros2_ws/src/ece3730/install/cpp_srvcli/share/cpp_srvcli/cmake/cpp_srvcliConfig.cmake
[1.925s] -- Up-to-date: /home/jshipley/Documents/ros2_ws/src/ece3730/install/cpp_srvcli/share/cpp_srvcli/cmake/cpp_srvcliConfig-version.cmake
[1.925s] -- Up-to-date: /home/jshipley/Documents/ros2_ws/src/ece3730/install/cpp_srvcli/share/cpp_srvcli/package.xml
[1.926s] Invoked command in '/home/jshipley/Documents/ros2_ws/src/ece3730/build/cpp_srvcli' returned '0': CMAKE_PREFIX_PATH=${CMAKE_PREFIX_PATH}:/opt/ros/jazzy DEBUGINFOD_URLS=https://debuginfod.ubuntu.com /usr/bin/cmake --install /home/jshipley/Documents/ros2_ws/src/ece3730/build/cpp_srvcli
